#
# There is insufficient memory for the Java Runtime Environment to continue.
# Native memory allocation (mmap) failed to map 4294967296 bytes for committing reserved memory.
# Possible reasons:
#   The system is out of physical RAM or swap space
#   The process is running with CompressedOops enabled, and the Java Heap may be blocking the growth of the native heap
# Possible solutions:
#   Reduce memory load on the system
#   Increase physical memory or swap space
#   Check if swap backing store is full
#   Decrease Java heap size (-Xmx/-Xms)
#   Decrease number of Java threads
#   Decrease Java thread stack sizes (-Xss)
#   Set larger code cache with -XX:ReservedCodeCacheSize=
#   JVM is running with Zero Based Compressed Oops mode in which the Java heap is
#     placed in the first 32GB address space. The Java Heap base address is the
#     maximum limit for the native heap growth. Please use -XX:HeapBaseMinAddress
#     to set the Java Heap base and to place the Java Heap above 32GB virtual address.
# This output file may be truncated or incomplete.
#
#  Out of Memory Error (os_linux.cpp:2728), pid=13829, tid=13830
#
# JRE version:  (17.0.1+12) (build )
# Java VM: Java HotSpot(TM) 64-Bit Server VM (17.0.1+12-LTS-39, mixed mode, sharing, tiered, compressed oops, compressed class ptrs, g1 gc, linux-amd64)
# Core dump will be written. Default location: Core dumps may be processed with "/usr/share/apport/apport %p %s %c %d %P %E" (or dumping to /opt/minecraft/core.13829)
#

---------------  S U M M A R Y ------------

Command Line: -Xmx4096M -Xms4096M /opt/minecraft/superhappyfuntimes/minecraft_server.jar nogui

Host: Intel Core Processor (Haswell, no TSX), 2 cores, 3G, Ubuntu 21.10
Time: Wed Dec  1 18:58:48 2021 UTC elapsed time: 0.007708 seconds (0d 0h 0m 0s)

---------------  T H R E A D  ---------------

Current thread (0x00007f8bc8023040):  JavaThread "Unknown thread" [_thread_in_vm, id=13830, stack(0x00007f8bce8b4000,0x00007f8bce9b4000)]

Stack: [0x00007f8bce8b4000,0x00007f8bce9b4000],  sp=0x00007f8bce9b2350,  free space=1016k
Native frames: (J=compiled Java code, j=interpreted, Vv=VM code, C=native code)
V  [libjvm.so+0xe0b691]  VMError::report_and_die(int, char const*, char const*, __va_list_tag*, Thread*, unsigned char*, void*, void*, char const*, int, unsigned long)+0x1a1
V  [libjvm.so+0xe0c25d]  VMError::report_and_die(Thread*, char const*, int, unsigned long, VMErrorType, char const*, __va_list_tag*)+0x2d
V  [libjvm.so+0x5d6223]  report_vm_out_of_memory(char const*, int, unsigned long, VMErrorType, char const*, ...)+0xc3
V  [libjvm.so+0xbe57a8]  os::pd_commit_memory_or_exit(char*, unsigned long, unsigned long, bool, char const*)+0xd8
V  [libjvm.so+0xbde92d]  os::commit_memory_or_exit(char*, unsigned long, unsigned long, bool, char const*)+0x1d
V  [libjvm.so+0x70042e]  G1PageBasedVirtualSpace::commit(unsigned long, unsigned long)+0x18e
V  [libjvm.so+0x714d51]  G1RegionsLargerThanCommitSizeMapper::commit_regions(unsigned int, unsigned long, WorkGang*)+0x1a1
V  [libjvm.so+0x7a6648]  HeapRegionManager::commit_regions(unsigned int, unsigned long, WorkGang*)+0x58
V  [libjvm.so+0x7a7a05]  HeapRegionManager::expand(unsigned int, unsigned int, WorkGang*)+0x35
V  [libjvm.so+0x7a7c1e]  HeapRegionManager::expand_by(unsigned int, WorkGang*)+0x7e
V  [libjvm.so+0x6bad4f]  G1CollectedHeap::expand(unsigned long, WorkGang*, double*)+0xef
V  [libjvm.so+0x6bb4ff]  G1CollectedHeap::initialize()+0x72f
V  [libjvm.so+0xdbcaad]  universe_init()+0xbd
V  [libjvm.so+0x7c82c7]  init_globals()+0x37
V  [libjvm.so+0xd93ccf]  Threads::create_vm(JavaVMInitArgs*, bool*)+0x39f
V  [libjvm.so+0x896361]  JNI_CreateJavaVM+0x51
C  [libjli.so+0x3a8f]  JavaMain+0x8f
C  [libjli.so+0x7ee9]  ThreadJavaMain+0x9


---------------  P R O C E S S  ---------------

Threads class SMR info:
_java_thread_list=0x00007f8bcfcfb620, length=0, elements={
}

Java Threads: ( => current thread )

Other Threads:
  0x00007f8bc8073130 GCTaskThread "GC Thread#0" [stack: 0x00007f8bccb3c000,0x00007f8bccc3c000] [id=13831]
  0x00007f8bc8084700 ConcurrentGCThread "G1 Main Marker" [stack: 0x00007f8bcca3a000,0x00007f8bccb3a000] [id=13832]
  0x00007f8bc8085660 ConcurrentGCThread "G1 Conc#0" [stack: 0x00007f8bcc938000,0x00007f8bcca38000] [id=13833]

[error occurred during error reporting (printing all threads), id 0xb, SIGSEGV (0xb) at pc=0x00007f8bcf170990]

VM state: not at safepoint (not fully initialized)

VM Mutex/Monitor currently owned by a thread:  ([mutex/lock_event])
[0x00007f8bc8020930] Heap_lock - owner thread: 0x00007f8bc8023040

Heap address: 0x0000000700000000, size: 4096 MB, Compressed Oops mode: Zero based, Oop shift amount: 3

CDS archive(s) mapped at: [0x0000000000000000-0x0000000000000000-0x0000000000000000), size 0, SharedBaseAddress: 0x0000000800000000, ArchiveRelocationMode: 0.
Narrow klass base: 0x0000000000000000, Narrow klass shift: 0, Narrow klass range: 0x0

GC Precious Log:
<Empty>

Heap:
 garbage-first heap   total 0K, used 0K [0x0000000700000000, 0x0000000800000000)
  region size 2048K, 0 young (0K), 0 survivors (0K)

[error occurred during error reporting (printing heap information), id 0xb, SIGSEGV (0xb) at pc=0x00007f8bcf726cea]

GC Heap History (0 events):
No events

Deoptimization events (0 events):
No events

Classes unloaded (0 events):
No events

Classes redefined (0 events):
No events

Internal exceptions (0 events):
No events

VM Operations (0 events):
No events

Events (2 events):
Event: 0.001 Protecting memory [0x00007f8bce8b4000,0x00007f8bce8b8000] with protection modes 0
Event: 0.002 Loaded shared library /usr/lib/jvm/java-17-oracle/lib/libjava.so


Dynamic libraries:
558c26b3b000-558c26b3c000 r-xp 00000000 08:01 1306675                    /usr/lib/jvm/java-17-oracle/bin/java
558c26b3d000-558c26b3e000 r--p 00001000 08:01 1306675                    /usr/lib/jvm/java-17-oracle/bin/java
558c26b3e000-558c26b3f000 rw-p 00002000 08:01 1306675                    /usr/lib/jvm/java-17-oracle/bin/java
558c26c1e000-558c26c3f000 rw-p 00000000 00:00 0                          [heap]
7f8b9a000000-7f8b9c000000 rw-p 00000000 00:00 0 
7f8b9c000000-7f8b9c021000 rw-p 00000000 00:00 0 
7f8b9c021000-7f8ba0000000 ---p 00000000 00:00 0 
7f8ba0000000-7f8ba0021000 rw-p 00000000 00:00 0 
7f8ba0021000-7f8ba4000000 ---p 00000000 00:00 0 
7f8ba4000000-7f8ba4021000 rw-p 00000000 00:00 0 
7f8ba4021000-7f8ba8000000 ---p 00000000 00:00 0 
7f8ba9768000-7f8bb1768000 ---p 00000000 00:00 0 
7f8bb1768000-7f8bb19d8000 rwxp 00000000 00:00 0 
7f8bb19d8000-7f8bb1cf7000 ---p 00000000 00:00 0 
7f8bb1cf7000-7f8bb1f67000 rwxp 00000000 00:00 0 
7f8bb1f67000-7f8bb922f000 ---p 00000000 00:00 0 
7f8bb922f000-7f8bb949f000 rwxp 00000000 00:00 0 
7f8bb949f000-7f8bc0768000 ---p 00000000 00:00 0 
7f8bc0768000-7f8bc8000000 r--s 00000000 08:01 1307092                    /usr/lib/jvm/java-17-oracle/lib/modules
7f8bc8000000-7f8bc809a000 rw-p 00000000 00:00 0 
7f8bc809a000-7f8bcc000000 ---p 00000000 00:00 0 
7f8bcc387000-7f8bcc936000 rw-p 00000000 00:00 0 
7f8bcc936000-7f8bcc937000 ---p 00000000 00:00 0 
7f8bcc937000-7f8bcca38000 rw-p 00000000 00:00 0 
7f8bcca38000-7f8bcca39000 ---p 00000000 00:00 0 
7f8bcca39000-7f8bccb3a000 rw-p 00000000 00:00 0 
7f8bccb3a000-7f8bccb3b000 ---p 00000000 00:00 0 
7f8bccb3b000-7f8bccc81000 rw-p 00000000 00:00 0 
7f8bccc81000-7f8bce481000 ---p 00000000 00:00 0 
7f8bce481000-7f8bce688000 rw-p 00000000 00:00 0 
7f8bce688000-7f8bce76e000 ---p 00000000 00:00 0 
7f8bce76e000-7f8bce773000 rw-p 00000000 00:00 0 
7f8bce773000-7f8bce859000 ---p 00000000 00:00 0 
7f8bce859000-7f8bce85e000 rw-p 00000000 00:00 0 
7f8bce85e000-7f8bce865000 ---p 00000000 00:00 0 
7f8bce865000-7f8bce889000 r-xp 00000000 08:01 1307068                    /usr/lib/jvm/java-17-oracle/lib/libjava.so
7f8bce889000-7f8bce88a000 ---p 00024000 08:01 1307068                    /usr/lib/jvm/java-17-oracle/lib/libjava.so
7f8bce88a000-7f8bce88b000 r--p 00024000 08:01 1307068                    /usr/lib/jvm/java-17-oracle/lib/libjava.so
7f8bce88b000-7f8bce88c000 rw-p 00025000 08:01 1307068                    /usr/lib/jvm/java-17-oracle/lib/libjava.so
7f8bce88c000-7f8bce88d000 rw-p 00000000 00:00 0 
7f8bce88d000-7f8bce895000 rw-s 00000000 08:01 779363                     /tmp/hsperfdata_minecraft/13829
7f8bce895000-7f8bce8b0000 r-xp 00000000 08:01 1307072                    /usr/lib/jvm/java-17-oracle/lib/libjimage.so
7f8bce8b0000-7f8bce8b1000 ---p 0001b000 08:01 1307072                    /usr/lib/jvm/java-17-oracle/lib/libjimage.so
7f8bce8b1000-7f8bce8b3000 r--p 0001b000 08:01 1307072                    /usr/lib/jvm/java-17-oracle/lib/libjimage.so
7f8bce8b3000-7f8bce8b4000 rw-p 0001d000 08:01 1307072                    /usr/lib/jvm/java-17-oracle/lib/libjimage.so
7f8bce8b4000-7f8bce8b8000 ---p 00000000 00:00 0 
7f8bce8b8000-7f8bce9b4000 rw-p 00000000 00:00 0 
7f8bce9b4000-7f8bce9c3000 r--p 00000000 08:01 3617                       /usr/lib/x86_64-linux-gnu/libm.so.6
7f8bce9c3000-7f8bcea3d000 r-xp 0000f000 08:01 3617                       /usr/lib/x86_64-linux-gnu/libm.so.6
7f8bcea3d000-7f8bcea95000 r--p 00089000 08:01 3617                       /usr/lib/x86_64-linux-gnu/libm.so.6
7f8bcea95000-7f8bcea96000 ---p 000e1000 08:01 3617                       /usr/lib/x86_64-linux-gnu/libm.so.6
7f8bcea96000-7f8bcea97000 r--p 000e1000 08:01 3617                       /usr/lib/x86_64-linux-gnu/libm.so.6
7f8bcea97000-7f8bcea98000 rw-p 000e2000 08:01 3617                       /usr/lib/x86_64-linux-gnu/libm.so.6
7f8bcea98000-7f8bcea99000 r--p 00000000 08:01 4697                       /usr/lib/x86_64-linux-gnu/librt.so.1
7f8bcea99000-7f8bcea9a000 r-xp 00001000 08:01 4697                       /usr/lib/x86_64-linux-gnu/librt.so.1
7f8bcea9a000-7f8bcea9b000 r--p 00002000 08:01 4697                       /usr/lib/x86_64-linux-gnu/librt.so.1
7f8bcea9b000-7f8bcea9c000 r--p 00002000 08:01 4697                       /usr/lib/x86_64-linux-gnu/librt.so.1
7f8bcea9c000-7f8bcea9d000 rw-p 00003000 08:01 4697                       /usr/lib/x86_64-linux-gnu/librt.so.1
7f8bcea9d000-7f8bcfbc4000 r-xp 00000000 08:01 1307104                    /usr/lib/jvm/java-17-oracle/lib/server/libjvm.so
7f8bcfbc4000-7f8bcfc79000 r--p 01126000 08:01 1307104                    /usr/lib/jvm/java-17-oracle/lib/server/libjvm.so
7f8bcfc79000-7f8bcfcac000 rw-p 011db000 08:01 1307104                    /usr/lib/jvm/java-17-oracle/lib/server/libjvm.so
7f8bcfcac000-7f8bcfd08000 rw-p 00000000 00:00 0 
7f8bcfd08000-7f8bcfd34000 r--p 00000000 08:01 3614                       /usr/lib/x86_64-linux-gnu/libc.so.6
7f8bcfd34000-7f8bcfec8000 r-xp 0002c000 08:01 3614                       /usr/lib/x86_64-linux-gnu/libc.so.6
7f8bcfec8000-7f8bcff1c000 r--p 001c0000 08:01 3614                       /usr/lib/x86_64-linux-gnu/libc.so.6
7f8bcff1c000-7f8bcff1d000 ---p 00214000 08:01 3614                       /usr/lib/x86_64-linux-gnu/libc.so.6
7f8bcff1d000-7f8bcff20000 r--p 00214000 08:01 3614                       /usr/lib/x86_64-linux-gnu/libc.so.6
7f8bcff20000-7f8bcff23000 rw-p 00217000 08:01 3614                       /usr/lib/x86_64-linux-gnu/libc.so.6
7f8bcff23000-7f8bcff30000 rw-p 00000000 00:00 0 
7f8bcff30000-7f8bcff31000 r--p 00000000 08:01 3616                       /usr/lib/x86_64-linux-gnu/libdl.so.2
7f8bcff31000-7f8bcff32000 r-xp 00001000 08:01 3616                       /usr/lib/x86_64-linux-gnu/libdl.so.2
7f8bcff32000-7f8bcff33000 r--p 00002000 08:01 3616                       /usr/lib/x86_64-linux-gnu/libdl.so.2
7f8bcff33000-7f8bcff34000 r--p 00002000 08:01 3616                       /usr/lib/x86_64-linux-gnu/libdl.so.2
7f8bcff34000-7f8bcff35000 rw-p 00003000 08:01 3616                       /usr/lib/x86_64-linux-gnu/libdl.so.2
7f8bcff35000-7f8bcff36000 r--p 00000000 08:01 3626                       /usr/lib/x86_64-linux-gnu/libpthread.so.0
7f8bcff36000-7f8bcff37000 r-xp 00001000 08:01 3626                       /usr/lib/x86_64-linux-gnu/libpthread.so.0
7f8bcff37000-7f8bcff38000 r--p 00002000 08:01 3626                       /usr/lib/x86_64-linux-gnu/libpthread.so.0
7f8bcff38000-7f8bcff39000 r--p 00002000 08:01 3626                       /usr/lib/x86_64-linux-gnu/libpthread.so.0
7f8bcff39000-7f8bcff3a000 rw-p 00003000 08:01 3626                       /usr/lib/x86_64-linux-gnu/libpthread.so.0
7f8bcff3a000-7f8bcff49000 r-xp 00000000 08:01 1307073                    /usr/lib/jvm/java-17-oracle/lib/libjli.so
7f8bcff49000-7f8bcff4a000 r--p 0000e000 08:01 1307073                    /usr/lib/jvm/java-17-oracle/lib/libjli.so
7f8bcff4a000-7f8bcff4b000 rw-p 0000f000 08:01 1307073                    /usr/lib/jvm/java-17-oracle/lib/libjli.so
7f8bcff4b000-7f8bcff4d000 r--p 00000000 08:01 4700                       /usr/lib/x86_64-linux-gnu/libz.so.1.2.11
7f8bcff4d000-7f8bcff5e000 r-xp 00002000 08:01 4700                       /usr/lib/x86_64-linux-gnu/libz.so.1.2.11
7f8bcff5e000-7f8bcff64000 r--p 00013000 08:01 4700                       /usr/lib/x86_64-linux-gnu/libz.so.1.2.11
7f8bcff64000-7f8bcff65000 ---p 00019000 08:01 4700                       /usr/lib/x86_64-linux-gnu/libz.so.1.2.11
7f8bcff65000-7f8bcff66000 r--p 00019000 08:01 4700                       /usr/lib/x86_64-linux-gnu/libz.so.1.2.11
7f8bcff66000-7f8bcff67000 rw-p 0001a000 08:01 4700                       /usr/lib/x86_64-linux-gnu/libz.so.1.2.11
7f8bcff6c000-7f8bcff6d000 ---p 00000000 00:00 0 
7f8bcff6d000-7f8bcff6e000 r--p 00000000 00:00 0 
7f8bcff6e000-7f8bcff6f000 ---p 00000000 00:00 0 
7f8bcff6f000-7f8bcff71000 rw-p 00000000 00:00 0 
7f8bcff71000-7f8bcff72000 r--p 00000000 08:01 3610                       /usr/lib/x86_64-linux-gnu/ld-linux-x86-64.so.2
7f8bcff72000-7f8bcff9a000 r-xp 00001000 08:01 3610                       /usr/lib/x86_64-linux-gnu/ld-linux-x86-64.so.2
7f8bcff9a000-7f8bcffa4000 r--p 00029000 08:01 3610                       /usr/lib/x86_64-linux-gnu/ld-linux-x86-64.so.2
7f8bcffa4000-7f8bcffa6000 r--p 00032000 08:01 3610                       /usr/lib/x86_64-linux-gnu/ld-linux-x86-64.so.2
7f8bcffa6000-7f8bcffa8000 rw-p 00034000 08:01 3610                       /usr/lib/x86_64-linux-gnu/ld-linux-x86-64.so.2
7ffe9e14f000-7ffe9e170000 rw-p 00000000 00:00 0                          [stack]
7ffe9e19a000-7ffe9e19e000 r--p 00000000 00:00 0                          [vvar]
7ffe9e19e000-7ffe9e1a0000 r-xp 00000000 00:00 0                          [vdso]
ffffffffff600000-ffffffffff601000 --xp 00000000 00:00 0                  [vsyscall]


VM Arguments:
jvm_args: -Xmx4096M -Xms4096M 
java_command: /opt/minecraft/superhappyfuntimes/minecraft_server.jar nogui
java_class_path (initial): /opt/minecraft/superhappyfuntimes/minecraft_server.jar
Launcher Type: SUN_STANDARD

[Global flags]
     intx CICompilerCount                          = 2                                         {product} {ergonomic}
     uint ConcGCThreads                            = 1                                         {product} {ergonomic}
     uint G1ConcRefinementThreads                  = 2                                         {product} {ergonomic}
   size_t G1HeapRegionSize                         = 2097152                                   {product} {ergonomic}
    uintx GCDrainStackTargetSize                   = 64                                        {product} {ergonomic}
   size_t InitialHeapSize                          = 4294967296                                {product} {command line}
   size_t MarkStackSize                            = 4194304                                   {product} {ergonomic}
   size_t MaxHeapSize                              = 4294967296                                {product} {command line}
   size_t MinHeapDeltaBytes                        = 2097152                                   {product} {ergonomic}
   size_t MinHeapSize                              = 4294967296                                {product} {command line}
    uintx NonNMethodCodeHeapSize                   = 5826188                                {pd product} {ergonomic}
    uintx NonProfiledCodeHeapSize                  = 122916026                              {pd product} {ergonomic}
    uintx ProfiledCodeHeapSize                     = 122916026                              {pd product} {ergonomic}
    uintx ReservedCodeCacheSize                    = 251658240                              {pd product} {ergonomic}
     bool SegmentedCodeCache                       = true                                      {product} {ergonomic}
   size_t SoftMaxHeapSize                          = 4294967296                             {manageable} {ergonomic}
     bool UseCompressedClassPointers               = true                           {product lp64_product} {ergonomic}
     bool UseCompressedOops                        = true                           {product lp64_product} {ergonomic}
     bool UseG1GC                                  = true                                      {product} {ergonomic}

Logging:
Log output configuration:
 #0: stdout all=warning uptime,level,tags
 #1: stderr all=off uptime,level,tags

Environment Variables:
PATH=/usr/local/sbin:/usr/local/bin:/usr/sbin:/usr/bin:/sbin:/bin:/usr/games:/usr/local/games:/snap/bin
SHELL=/bin/sh
LANG=C.UTF-8

Signal Handlers:
   SIGSEGV: crash_handler in libjvm.so, mask=11100100010111111101111111111110, flags=SA_RESTART|SA_SIGINFO
    SIGBUS: crash_handler in libjvm.so, mask=11100100010111111101111111111110, flags=SA_RESTART|SA_SIGINFO
    SIGFPE: crash_handler in libjvm.so, mask=11100100010111111101111111111110, flags=SA_RESTART|SA_SIGINFO
   SIGPIPE: javaSignalHandler in libjvm.so, mask=11100100010111111101111111111110, flags=SA_RESTART|SA_SIGINFO
   SIGXFSZ: javaSignalHandler in libjvm.so, mask=11100100010111111101111111111110, flags=SA_RESTART|SA_SIGINFO
    SIGILL: crash_handler in libjvm.so, mask=11100100010111111101111111111110, flags=SA_RESTART|SA_SIGINFO
   SIGUSR2: SR_handler in libjvm.so, mask=00000000000000000000000000000000, flags=SA_RESTART|SA_SIGINFO
    SIGHUP: SIG_DFL, mask=00000000000000000000000000000000, flags=none
    SIGINT: SIG_DFL, mask=00000000000000000000000000000000, flags=none
   SIGTERM: SIG_DFL, mask=00000000000000000000000000000000, flags=none
   SIGQUIT: SIG_DFL, mask=00000000000000000000000000000000, flags=none
   SIGTRAP: crash_handler in libjvm.so, mask=11100100010111111101111111111110, flags=SA_RESTART|SA_SIGINFO


---------------  S Y S T E M  ---------------

OS:
DISTRIB_ID=Ubuntu
DISTRIB_RELEASE=21.10
DISTRIB_CODENAME=impish
DISTRIB_DESCRIPTION="Ubuntu 21.10"
uname: Linux 5.13.0-22-generic #22-Ubuntu SMP Fri Nov 5 13:21:36 UTC 2021 x86_64
OS uptime: 0 days 3:57 hours
libc: glibc 2.34 NPTL 2.34 
rlimit (soft/hard): STACK 8192k/infinity , CORE 0k/infinity , NPROC 15203/15203 , NOFILE 1048576/1048576 , AS infinity/infinity , CPU infinity/infinity , DATA infinity/infinity , FSIZE infinity/infinity , MEMLOCK 490228k/490228k
load average: 0.00 0.02 0.01

/proc/meminfo:
MemTotal:        3921836 kB
MemFree:         1414284 kB
MemAvailable:    3479860 kB
Buffers:           77636 kB
Cached:          2130564 kB
SwapCached:            0 kB
Active:           835048 kB
Inactive:        1447640 kB
Active(anon):       1016 kB
Inactive(anon):    78924 kB
Active(file):     834032 kB
Inactive(file):  1368716 kB
Unevictable:       19132 kB
Mlocked:           19132 kB
SwapTotal:             0 kB
SwapFree:              0 kB
Dirty:               212 kB
Writeback:             0 kB
AnonPages:         93688 kB
Mapped:            94528 kB
Shmem:              1324 kB
KReclaimable:     134068 kB
Slab:             176372 kB
SReclaimable:     134068 kB
SUnreclaim:        42304 kB
KernelStack:        3320 kB
PageTables:         2868 kB
NFS_Unstable:          0 kB
Bounce:                0 kB
WritebackTmp:          0 kB
CommitLimit:     1960916 kB
Committed_AS:    1017640 kB
VmallocTotal:   34359738367 kB
VmallocUsed:       13592 kB
VmallocChunk:          0 kB
Percpu:             1720 kB
HardwareCorrupted:     0 kB
AnonHugePages:         0 kB
ShmemHugePages:        0 kB
ShmemPmdMapped:        0 kB
FileHugePages:         0 kB
FilePmdMapped:         0 kB
HugePages_Total:       0
HugePages_Free:        0
HugePages_Rsvd:        0
HugePages_Surp:        0
Hugepagesize:       2048 kB
Hugetlb:               0 kB
DirectMap4k:      104304 kB
DirectMap2M:     3991552 kB

/sys/kernel/mm/transparent_hugepage/enabled: always [madvise] never
/sys/kernel/mm/transparent_hugepage/defrag (defrag/compaction efforts parameter): always defer defer+madvise [madvise] never

Process Memory:
Virtual Size: 857084K (peak: 5047624K)
Resident Set Size: 17352K (peak: 17352K) (anon: 5624K, file: 11728K, shmem: 0K)
Swapped out: 0K
C-Heap outstanding allocations: 715K

/proc/sys/kernel/threads-max (system-wide limit on the number of threads): 30406
/proc/sys/vm/max_map_count (maximum number of memory map areas a process may have): 65530
/proc/sys/kernel/pid_max (system-wide limit on number of process identifiers): 4194304

container (cgroup) information:
container_type: cgroupv2
cpu_cpuset_cpus: not supported
cpu_memory_nodes: not supported
active_processor_count: 2
cpu_quota: not supported
cpu_period: not supported
cpu_shares: not supported
memory_limit_in_bytes: unlimited
memory_and_swap_limit_in_bytes: unlimited
memory_soft_limit_in_bytes: unlimited
memory_usage_in_bytes: 307245056
memory_max_usage_in_bytes: not supported

KVM virtualization detected
Steal ticks since vm start: 0
Steal ticks percentage since vm start:  0.000

CPU: total 2 (initial active 2) (1 cores per cpu, 1 threads per core) family 6 model 60 stepping 1 microcode 0x1, cx8, cmov, fxsr, mmx, sse, sse2, sse3, ssse3, sse4.1, sse4.2, popcnt, lzcnt, tsc, avx, avx2, aes, erms, clmul, bmi1, bmi2, fma, vzeroupper, clflush, hv
CPU Model and flags from /proc/cpuinfo:
model name	: Intel Core Processor (Haswell, no TSX)
flags		: fpu vme de pse tsc msr pae mce cx8 apic sep mtrr pge mca cmov pat pse36 clflush mmx fxsr sse sse2 syscall nx rdtscp lm constant_tsc rep_good nopl xtopology cpuid tsc_known_freq pni pclmulqdq vmx ssse3 fma cx16 pcid sse4_1 sse4_2 x2apic movbe popcnt tsc_deadline_timer aes xsave avx f16c rdrand hypervisor lahf_lm abm cpuid_fault invpcid_single pti tpr_shadow vnmi flexpriority ept vpid ept_ad fsgsbase bmi1 avx2 smep bmi2 erms invpcid xsaveopt arat

Online cpus: 0-1
Offline cpus: 
BIOS frequency limitation: <Not Available>
Frequency switch latency (ns): <Not Available>
Available cpu frequencies: <Not Available>
Current governor: <Not Available>
Core performance/turbo boost: <Not Available>

Memory: 4k page, physical 3921836k(1414284k free), swap 0k(0k free)
Page Sizes: 4k

vm_info: Java HotSpot(TM) 64-Bit Server VM (17.0.1+12-LTS-39) for linux-amd64 JRE (17.0.1+12-LTS-39), built on Sep 27 2021 17:33:53 by "mach5one" with gcc 10.3.0

END.
