[16:18:03] [ServerMain/INFO]: Environment: authHost='https://authserver.mojang.com', accountsHost='https://api.mojang.com', sessionHost='https://sessionserver.mojang.com', servicesHost='https://api.minecraftservices.com', name='PROD'
[16:18:05] [ServerMain/WARN]: Ambiguity between arguments [teleport, location] and [teleport, destination] with inputs: [0.1 -0.5 .9, 0 0 0]
[16:18:05] [ServerMain/WARN]: Ambiguity between arguments [teleport, location] and [teleport, targets] with inputs: [0.1 -0.5 .9, 0 0 0]
[16:18:05] [ServerMain/WARN]: Ambiguity between arguments [teleport, destination] and [teleport, targets] with inputs: [Player, 0123, @e, dd12be42-52a9-4a91-a8a1-11c01849e498]
[16:18:05] [ServerMain/WARN]: Ambiguity between arguments [teleport, targets] and [teleport, destination] with inputs: [Player, 0123, dd12be42-52a9-4a91-a8a1-11c01849e498]
[16:18:05] [ServerMain/WARN]: Ambiguity between arguments [teleport, targets, location] and [teleport, targets, destination] with inputs: [0.1 -0.5 .9, 0 0 0]
[16:18:05] [ServerMain/INFO]: Reloading ResourceManager: Default
[16:18:06] [Worker-Main-5/INFO]: Loaded 7 recipes
[16:18:07] [Worker-Main-5/INFO]: Loaded 1141 advancements
[16:18:10] [Server thread/INFO]: Starting minecraft server version 1.18
[16:18:10] [Server thread/INFO]: Loading properties
[16:18:10] [Server thread/INFO]: Default game type: SURVIVAL
[16:18:10] [Server thread/INFO]: Generating keypair
[16:18:10] [Server thread/INFO]: Starting Minecraft server on *:25565
[16:18:10] [Server thread/INFO]: Using epoll channel type
[16:18:11] [Server thread/INFO]: Preparing level "world"
[16:18:11] [Server thread/INFO]: Preparing start region for dimension minecraft:overworld
[16:18:14] [Worker-Main-5/INFO]: Preparing spawn area: 0%
[16:18:14] [Worker-Main-4/INFO]: Preparing spawn area: 0%
[16:18:14] [Worker-Main-4/INFO]: Preparing spawn area: 0%
[16:18:14] [Worker-Main-5/INFO]: Preparing spawn area: 0%
[16:18:14] [Worker-Main-6/INFO]: Preparing spawn area: 0%
[16:18:14] [Worker-Main-5/INFO]: Preparing spawn area: 0%
[16:18:14] [Worker-Main-4/INFO]: Preparing spawn area: 0%
[16:18:15] [Worker-Main-6/INFO]: Preparing spawn area: 0%
[16:18:15] [Worker-Main-5/INFO]: Preparing spawn area: 0%
[16:18:16] [Worker-Main-6/INFO]: Preparing spawn area: 0%
[16:18:16] [Worker-Main-5/INFO]: Preparing spawn area: 0%
[16:18:17] [Worker-Main-5/INFO]: Preparing spawn area: 0%
[16:18:17] [Worker-Main-6/INFO]: Preparing spawn area: 0%
[16:18:18] [Worker-Main-5/INFO]: Preparing spawn area: 0%
[16:18:18] [Worker-Main-5/INFO]: Preparing spawn area: 0%
[16:18:19] [Worker-Main-4/INFO]: Preparing spawn area: 1%
[16:18:19] [Worker-Main-6/INFO]: Preparing spawn area: 3%
[16:18:20] [Worker-Main-5/INFO]: Preparing spawn area: 4%
[16:18:20] [Worker-Main-4/INFO]: Preparing spawn area: 4%
[16:18:21] [Worker-Main-6/INFO]: Preparing spawn area: 6%
[16:18:21] [Worker-Main-5/INFO]: Preparing spawn area: 6%
[16:18:22] [Worker-Main-4/INFO]: Preparing spawn area: 6%
[16:18:22] [Worker-Main-4/INFO]: Preparing spawn area: 9%
[16:18:23] [Worker-Main-6/INFO]: Preparing spawn area: 19%
[16:18:23] [Worker-Main-5/INFO]: Preparing spawn area: 22%
[16:18:24] [Worker-Main-4/INFO]: Preparing spawn area: 27%
[16:18:24] [Worker-Main-5/INFO]: Preparing spawn area: 38%
[16:18:25] [Worker-Main-6/INFO]: Preparing spawn area: 44%
[16:18:25] [Worker-Main-5/INFO]: Preparing spawn area: 55%
[16:18:26] [Worker-Main-4/INFO]: Preparing spawn area: 68%
[16:18:26] [Worker-Main-6/INFO]: Preparing spawn area: 79%
[16:18:27] [Worker-Main-6/INFO]: Preparing spawn area: 86%
[16:18:27] [Worker-Main-5/INFO]: Preparing spawn area: 97%
[16:18:28] [Server thread/INFO]: Time elapsed: 17320 ms
[16:18:28] [Server thread/INFO]: Done (17.640s)! For help, type "help"
[16:18:31] [Server thread/WARN]: Can't keep up! Is the server overloaded? Running 2021ms or 40 ticks behind
