#
# There is insufficient memory for the Java Runtime Environment to continue.
# Native memory allocation (mmap) failed to map 4294967296 bytes for committing reserved memory.
# Possible reasons:
#   The system is out of physical RAM or swap space
#   The process is running with CompressedOops enabled, and the Java Heap may be blocking the growth of the native heap
# Possible solutions:
#   Reduce memory load on the system
#   Increase physical memory or swap space
#   Check if swap backing store is full
#   Decrease Java heap size (-Xmx/-Xms)
#   Decrease number of Java threads
#   Decrease Java thread stack sizes (-Xss)
#   Set larger code cache with -XX:ReservedCodeCacheSize=
# This output file may be truncated or incomplete.
#
#  Out of Memory Error (os_linux.cpp:2992), pid=13663, tid=13664
#
# JRE version:  (11.0.12+7) (build )
# Java VM: OpenJDK 64-Bit Server VM (11.0.12+7-Ubuntu-0ubuntu3, mixed mode, sharing, tiered, compressed oops, g1 gc, linux-amd64)
# Core dump will be written. Default location: Core dumps may be processed with "/usr/share/apport/apport %p %s %c %d %P %E" (or dumping to /opt/minecraft/superhappyfuntimes/core.13663)
#

---------------  S U M M A R Y ------------

Command Line: -Xmx4096M -Xms4096M minecraft_server.jar nogui

Host: Intel Core Processor (Haswell, no TSX), 2 cores, 3G, Ubuntu 21.10
Time: Wed Dec  1 14:52:33 2021 UTC elapsed time: 0.006231 seconds (0d 0h 0m 0s)

---------------  T H R E A D  ---------------

Current thread (0x00007f6014014000):  JavaThread "Unknown thread" [_thread_in_vm, id=13664, stack(0x00007f6019731000,0x00007f6019831000)]

Stack: [0x00007f6019731000,0x00007f6019831000],  sp=0x00007f601982f160,  free space=1016k
Native frames: (J=compiled Java code, A=aot compiled Java code, j=interpreted, Vv=VM code, C=native code)
V  [libjvm.so+0xe9aa02]
V  [libjvm.so+0xe9b611]
V  [libjvm.so+0x67aeba]
V  [libjvm.so+0xbe6520]
V  [libjvm.so+0xbdcde1]
V  [libjvm.so+0x78f312]
V  [libjvm.so+0x78f6f0]
V  [libjvm.so+0x79abe7]
V  [libjvm.so+0x81b6b8]
V  [libjvm.so+0x81c2e8]
V  [libjvm.so+0x81c911]
V  [libjvm.so+0x74958f]
V  [libjvm.so+0x749ca2]
V  [libjvm.so+0xe570e6]
V  [libjvm.so+0xe573aa]
V  [libjvm.so+0x83a28c]
V  [libjvm.so+0xe2fbfb]
V  [libjvm.so+0x8e1aa5]  JNI_CreateJavaVM+0x55
C  [libjli.so+0x4dc1]
C  [libjli.so+0x9b4d]


---------------  P R O C E S S  ---------------

Threads class SMR info:
_java_thread_list=0x000055fd74c7b300, length=0, elements={
}

Java Threads: ( => current thread )

Other Threads:
  0x00007f601402d800 GCTaskThread "GC Thread#0" [stack: 0x00007f60193f0000,0x00007f60194f0000] [id=13665]
  0x00007f601406d800 ConcurrentGCThread "G1 Main Marker" [stack: 0x00007f60180a7000,0x00007f60181a7000] [id=13666]
  0x00007f601406f800 ConcurrentGCThread "G1 Conc#0" [stack: 0x00007f5feff00000,0x00007f5ff0000000] [id=13667]

[error occurred during error reporting (printing all threads), id 0xb, SIGSEGV (0xb) at pc=0x00007f601a2afa34]

VM state:not at safepoint (not fully initialized)

VM Mutex/Monitor currently owned by a thread:  ([mutex/lock_event])
[0x00007f6014012c60] Heap_lock - owner thread: 0x00007f6014014000

Heap address: 0x0000000700000000, size: 4096 MB, Compressed Oops mode: Non-zero based: 0x0000000700000000
Narrow klass base: 0x0000000000000000, Narrow klass shift: 0

GC Heap History (0 events):
No events

Deoptimization events (0 events):
No events

Classes redefined (0 events):
No events

Internal exceptions (0 events):
No events

Events (2 events):
Event: 0.002 Protecting memory [0x00007f6019731000,0x00007f6019735000] with protection modes 0
Event: 0.003 Loaded shared library /usr/lib/jvm/java-11-openjdk-amd64/lib/libzip.so


Dynamic libraries:
55fd74a00000-55fd74a01000 r--p 00000000 08:01 258987                     /usr/lib/jvm/java-11-openjdk-amd64/bin/java
55fd74a01000-55fd74a02000 r-xp 00001000 08:01 258987                     /usr/lib/jvm/java-11-openjdk-amd64/bin/java
55fd74a02000-55fd74a03000 r--p 00002000 08:01 258987                     /usr/lib/jvm/java-11-openjdk-amd64/bin/java
55fd74a03000-55fd74a04000 r--p 00002000 08:01 258987                     /usr/lib/jvm/java-11-openjdk-amd64/bin/java
55fd74a04000-55fd74a05000 rw-p 00003000 08:01 258987                     /usr/lib/jvm/java-11-openjdk-amd64/bin/java
55fd74c63000-55fd74c84000 rw-p 00000000 00:00 0                          [heap]
7f5fe4000000-7f5fe4021000 rw-p 00000000 00:00 0 
7f5fe4021000-7f5fe8000000 ---p 00000000 00:00 0 
7f5fe8000000-7f5fe8021000 rw-p 00000000 00:00 0 
7f5fe8021000-7f5fec000000 ---p 00000000 00:00 0 
7f5fedcfc000-7f5fefefe000 rw-p 00000000 00:00 0 
7f5fefefe000-7f5fefeff000 ---p 00000000 00:00 0 
7f5fefeff000-7f5ff0000000 rw-p 00000000 00:00 0 
7f5ff0000000-7f5ff8000000 ---p 00000000 00:00 0 
7f5ff8000000-7f5ff8021000 rw-p 00000000 00:00 0 
7f5ff8021000-7f5ffc000000 ---p 00000000 00:00 0 
7f5ffc05f000-7f5ffc85f000 ---p 00000000 00:00 0 
7f5ffc85f000-7f5ffcacf000 rwxp 00000000 00:00 0 
7f5ffcacf000-7f5ffcdee000 ---p 00000000 00:00 0 
7f5ffcdee000-7f5ffd05e000 rwxp 00000000 00:00 0 
7f5ffd05e000-7f6004326000 ---p 00000000 00:00 0 
7f6004326000-7f6004596000 rwxp 00000000 00:00 0 
7f6004596000-7f600b85f000 ---p 00000000 00:00 0 
7f600b85f000-7f6014000000 r--s 00000000 08:01 259146                     /usr/lib/jvm/java-11-openjdk-amd64/lib/modules
7f6014000000-7f6014082000 rw-p 00000000 00:00 0 
7f6014082000-7f6018000000 ---p 00000000 00:00 0 
7f60180a5000-7f60180a6000 ---p 00000000 00:00 0 
7f60180a6000-7f60181ec000 rw-p 00000000 00:00 0 
7f60181ec000-7f60191ec000 ---p 00000000 00:00 0 
7f60191ec000-7f60193ee000 rw-p 00000000 00:00 0 
7f60193ee000-7f60193ef000 ---p 00000000 00:00 0 
7f60193ef000-7f60194f5000 rw-p 00000000 00:00 0 
7f60194f5000-7f60195db000 ---p 00000000 00:00 0 
7f60195db000-7f60195e0000 rw-p 00000000 00:00 0 
7f60195e0000-7f60196c6000 ---p 00000000 00:00 0 
7f60196c6000-7f60196cb000 rw-p 00000000 00:00 0 
7f60196cb000-7f60196d2000 ---p 00000000 00:00 0 
7f60196d2000-7f60196d4000 r--p 00000000 08:01 259145                     /usr/lib/jvm/java-11-openjdk-amd64/lib/libzip.so
7f60196d4000-7f60196d8000 r-xp 00002000 08:01 259145                     /usr/lib/jvm/java-11-openjdk-amd64/lib/libzip.so
7f60196d8000-7f60196da000 r--p 00006000 08:01 259145                     /usr/lib/jvm/java-11-openjdk-amd64/lib/libzip.so
7f60196da000-7f60196db000 r--p 00007000 08:01 259145                     /usr/lib/jvm/java-11-openjdk-amd64/lib/libzip.so
7f60196db000-7f60196dc000 rw-p 00008000 08:01 259145                     /usr/lib/jvm/java-11-openjdk-amd64/lib/libzip.so
7f60196dc000-7f60196e4000 rw-s 00000000 08:01 778051                     /tmp/hsperfdata_minecraft/13663
7f60196e4000-7f60196e6000 r--p 00000000 08:01 259128                     /usr/lib/jvm/java-11-openjdk-amd64/lib/libjimage.so
7f60196e6000-7f60196e9000 r-xp 00002000 08:01 259128                     /usr/lib/jvm/java-11-openjdk-amd64/lib/libjimage.so
7f60196e9000-7f60196ea000 r--p 00005000 08:01 259128                     /usr/lib/jvm/java-11-openjdk-amd64/lib/libjimage.so
7f60196ea000-7f60196eb000 ---p 00006000 08:01 259128                     /usr/lib/jvm/java-11-openjdk-amd64/lib/libjimage.so
7f60196eb000-7f60196ec000 r--p 00006000 08:01 259128                     /usr/lib/jvm/java-11-openjdk-amd64/lib/libjimage.so
7f60196ec000-7f60196ed000 rw-p 00007000 08:01 259128                     /usr/lib/jvm/java-11-openjdk-amd64/lib/libjimage.so
7f60196ed000-7f60196fa000 r--p 00000000 08:01 259125                     /usr/lib/jvm/java-11-openjdk-amd64/lib/libjava.so
7f60196fa000-7f6019710000 r-xp 0000d000 08:01 259125                     /usr/lib/jvm/java-11-openjdk-amd64/lib/libjava.so
7f6019710000-7f6019717000 r--p 00023000 08:01 259125                     /usr/lib/jvm/java-11-openjdk-amd64/lib/libjava.so
7f6019717000-7f6019718000 r--p 00029000 08:01 259125                     /usr/lib/jvm/java-11-openjdk-amd64/lib/libjava.so
7f6019718000-7f6019719000 rw-p 0002a000 08:01 259125                     /usr/lib/jvm/java-11-openjdk-amd64/lib/libjava.so
7f6019719000-7f601971a000 rw-p 00000000 00:00 0 
7f601971a000-7f601971f000 r--p 00000000 08:01 259144                     /usr/lib/jvm/java-11-openjdk-amd64/lib/libverify.so
7f601971f000-7f6019726000 r-xp 00005000 08:01 259144                     /usr/lib/jvm/java-11-openjdk-amd64/lib/libverify.so
7f6019726000-7f6019728000 r--p 0000c000 08:01 259144                     /usr/lib/jvm/java-11-openjdk-amd64/lib/libverify.so
7f6019728000-7f6019729000 ---p 0000e000 08:01 259144                     /usr/lib/jvm/java-11-openjdk-amd64/lib/libverify.so
7f6019729000-7f601972b000 r--p 0000e000 08:01 259144                     /usr/lib/jvm/java-11-openjdk-amd64/lib/libverify.so
7f601972b000-7f601972c000 rw-p 00010000 08:01 259144                     /usr/lib/jvm/java-11-openjdk-amd64/lib/libverify.so
7f601972c000-7f601972d000 r--p 00000000 08:01 4697                       /usr/lib/x86_64-linux-gnu/librt.so.1
7f601972d000-7f601972e000 r-xp 00001000 08:01 4697                       /usr/lib/x86_64-linux-gnu/librt.so.1
7f601972e000-7f601972f000 r--p 00002000 08:01 4697                       /usr/lib/x86_64-linux-gnu/librt.so.1
7f601972f000-7f6019730000 r--p 00002000 08:01 4697                       /usr/lib/x86_64-linux-gnu/librt.so.1
7f6019730000-7f6019731000 rw-p 00003000 08:01 4697                       /usr/lib/x86_64-linux-gnu/librt.so.1
7f6019731000-7f6019735000 ---p 00000000 00:00 0 
7f6019735000-7f6019831000 rw-p 00000000 00:00 0 
7f6019831000-7f6019834000 r--p 00000000 08:01 3593                       /usr/lib/x86_64-linux-gnu/libgcc_s.so.1
7f6019834000-7f6019846000 r-xp 00003000 08:01 3593                       /usr/lib/x86_64-linux-gnu/libgcc_s.so.1
7f6019846000-7f6019849000 r--p 00015000 08:01 3593                       /usr/lib/x86_64-linux-gnu/libgcc_s.so.1
7f6019849000-7f601984a000 r--p 00017000 08:01 3593                       /usr/lib/x86_64-linux-gnu/libgcc_s.so.1
7f601984a000-7f601984b000 rw-p 00018000 08:01 3593                       /usr/lib/x86_64-linux-gnu/libgcc_s.so.1
7f601984b000-7f601985a000 r--p 00000000 08:01 3617                       /usr/lib/x86_64-linux-gnu/libm.so.6
7f601985a000-7f60198d4000 r-xp 0000f000 08:01 3617                       /usr/lib/x86_64-linux-gnu/libm.so.6
7f60198d4000-7f601992c000 r--p 00089000 08:01 3617                       /usr/lib/x86_64-linux-gnu/libm.so.6
7f601992c000-7f601992d000 ---p 000e1000 08:01 3617                       /usr/lib/x86_64-linux-gnu/libm.so.6
7f601992d000-7f601992e000 r--p 000e1000 08:01 3617                       /usr/lib/x86_64-linux-gnu/libm.so.6
7f601992e000-7f601992f000 rw-p 000e2000 08:01 3617                       /usr/lib/x86_64-linux-gnu/libm.so.6
7f601992f000-7f60199c8000 r--p 00000000 08:01 4888                       /usr/lib/x86_64-linux-gnu/libstdc++.so.6.0.29
7f60199c8000-7f6019acb000 r-xp 00099000 08:01 4888                       /usr/lib/x86_64-linux-gnu/libstdc++.so.6.0.29
7f6019acb000-7f6019b37000 r--p 0019c000 08:01 4888                       /usr/lib/x86_64-linux-gnu/libstdc++.so.6.0.29
7f6019b37000-7f6019b42000 r--p 00207000 08:01 4888                       /usr/lib/x86_64-linux-gnu/libstdc++.so.6.0.29
7f6019b42000-7f6019b45000 rw-p 00212000 08:01 4888                       /usr/lib/x86_64-linux-gnu/libstdc++.so.6.0.29
7f6019b45000-7f6019b48000 rw-p 00000000 00:00 0 
7f6019b48000-7f6019dc9000 r--p 00000000 08:01 259151                     /usr/lib/jvm/java-11-openjdk-amd64/lib/server/libjvm.so
7f6019dc9000-7f601aa56000 r-xp 00281000 08:01 259151                     /usr/lib/jvm/java-11-openjdk-amd64/lib/server/libjvm.so
7f601aa56000-7f601acb3000 r--p 00f0e000 08:01 259151                     /usr/lib/jvm/java-11-openjdk-amd64/lib/server/libjvm.so
7f601acb3000-7f601acb4000 ---p 0116b000 08:01 259151                     /usr/lib/jvm/java-11-openjdk-amd64/lib/server/libjvm.so
7f601acb4000-7f601ad77000 r--p 0116b000 08:01 259151                     /usr/lib/jvm/java-11-openjdk-amd64/lib/server/libjvm.so
7f601ad77000-7f601adb2000 rw-p 0122e000 08:01 259151                     /usr/lib/jvm/java-11-openjdk-amd64/lib/server/libjvm.so
7f601adb2000-7f601ae0c000 rw-p 00000000 00:00 0 
7f601ae0c000-7f601ae0e000 r--p 00000000 08:01 4700                       /usr/lib/x86_64-linux-gnu/libz.so.1.2.11
7f601ae0e000-7f601ae1f000 r-xp 00002000 08:01 4700                       /usr/lib/x86_64-linux-gnu/libz.so.1.2.11
7f601ae1f000-7f601ae25000 r--p 00013000 08:01 4700                       /usr/lib/x86_64-linux-gnu/libz.so.1.2.11
7f601ae25000-7f601ae26000 ---p 00019000 08:01 4700                       /usr/lib/x86_64-linux-gnu/libz.so.1.2.11
7f601ae26000-7f601ae27000 r--p 00019000 08:01 4700                       /usr/lib/x86_64-linux-gnu/libz.so.1.2.11
7f601ae27000-7f601ae28000 rw-p 0001a000 08:01 4700                       /usr/lib/x86_64-linux-gnu/libz.so.1.2.11
7f601ae28000-7f601ae54000 r--p 00000000 08:01 3614                       /usr/lib/x86_64-linux-gnu/libc.so.6
7f601ae54000-7f601afe8000 r-xp 0002c000 08:01 3614                       /usr/lib/x86_64-linux-gnu/libc.so.6
7f601afe8000-7f601b03c000 r--p 001c0000 08:01 3614                       /usr/lib/x86_64-linux-gnu/libc.so.6
7f601b03c000-7f601b03d000 ---p 00214000 08:01 3614                       /usr/lib/x86_64-linux-gnu/libc.so.6
7f601b03d000-7f601b040000 r--p 00214000 08:01 3614                       /usr/lib/x86_64-linux-gnu/libc.so.6
7f601b040000-7f601b043000 rw-p 00217000 08:01 3614                       /usr/lib/x86_64-linux-gnu/libc.so.6
7f601b043000-7f601b050000 rw-p 00000000 00:00 0 
7f601b052000-7f601b054000 r--s 0000c000 08:01 71699                      /usr/share/java/java-atk-wrapper.jar
7f601b054000-7f601b055000 ---p 00000000 00:00 0 
7f601b055000-7f601b056000 r--p 00000000 00:00 0 
7f601b056000-7f601b059000 r--p 00000000 08:01 259110                     /usr/lib/jvm/java-11-openjdk-amd64/lib/jli/libjli.so
7f601b059000-7f601b063000 r-xp 00003000 08:01 259110                     /usr/lib/jvm/java-11-openjdk-amd64/lib/jli/libjli.so
7f601b063000-7f601b066000 r--p 0000d000 08:01 259110                     /usr/lib/jvm/java-11-openjdk-amd64/lib/jli/libjli.so
7f601b066000-7f601b067000 ---p 00010000 08:01 259110                     /usr/lib/jvm/java-11-openjdk-amd64/lib/jli/libjli.so
7f601b067000-7f601b068000 r--p 00010000 08:01 259110                     /usr/lib/jvm/java-11-openjdk-amd64/lib/jli/libjli.so
7f601b068000-7f601b069000 rw-p 00011000 08:01 259110                     /usr/lib/jvm/java-11-openjdk-amd64/lib/jli/libjli.so
7f601b069000-7f601b06b000 rw-p 00000000 00:00 0 
7f601b06b000-7f601b06c000 r--p 00000000 08:01 3610                       /usr/lib/x86_64-linux-gnu/ld-linux-x86-64.so.2
7f601b06c000-7f601b094000 r-xp 00001000 08:01 3610                       /usr/lib/x86_64-linux-gnu/ld-linux-x86-64.so.2
7f601b094000-7f601b09e000 r--p 00029000 08:01 3610                       /usr/lib/x86_64-linux-gnu/ld-linux-x86-64.so.2
7f601b09e000-7f601b0a0000 r--p 00032000 08:01 3610                       /usr/lib/x86_64-linux-gnu/ld-linux-x86-64.so.2
7f601b0a0000-7f601b0a2000 rw-p 00034000 08:01 3610                       /usr/lib/x86_64-linux-gnu/ld-linux-x86-64.so.2
7fff088cc000-7fff088ed000 rw-p 00000000 00:00 0                          [stack]
7fff088f2000-7fff088f6000 r--p 00000000 00:00 0                          [vvar]
7fff088f6000-7fff088f8000 r-xp 00000000 00:00 0                          [vdso]
ffffffffff600000-ffffffffff601000 --xp 00000000 00:00 0                  [vsyscall]


VM Arguments:
jvm_args: -Xmx4096M -Xms4096M 
java_command: minecraft_server.jar nogui
java_class_path (initial): minecraft_server.jar
Launcher Type: SUN_STANDARD

[Global flags]
     intx CICompilerCount                          = 2                                         {product} {ergonomic}
     uint ConcGCThreads                            = 1                                         {product} {ergonomic}
     uint G1ConcRefinementThreads                  = 2                                         {product} {ergonomic}
   size_t G1HeapRegionSize                         = 2097152                                   {product} {ergonomic}
    uintx GCDrainStackTargetSize                   = 64                                        {product} {ergonomic}
   size_t InitialHeapSize                          = 4294967296                                {product} {command line}
   size_t MarkStackSize                            = 4194304                                   {product} {ergonomic}
   size_t MaxHeapSize                              = 4294967296                                {product} {command line}
   size_t MinHeapDeltaBytes                        = 2097152                                   {product} {ergonomic}
    uintx NonNMethodCodeHeapSize                   = 5825164                                {pd product} {ergonomic}
    uintx NonProfiledCodeHeapSize                  = 122916538                              {pd product} {ergonomic}
    uintx ProfiledCodeHeapSize                     = 122916538                              {pd product} {ergonomic}
    uintx ReservedCodeCacheSize                    = 251658240                              {pd product} {ergonomic}
     bool SegmentedCodeCache                       = true                                      {product} {ergonomic}
     bool UseCompressedClassPointers               = true                                 {lp64_product} {ergonomic}
     bool UseCompressedOops                        = true                                 {lp64_product} {ergonomic}
     bool UseG1GC                                  = true                                      {product} {ergonomic}

Logging:
Log output configuration:
 #0: stdout all=warning uptime,level,tags
 #1: stderr all=off uptime,level,tags

Environment Variables:
PATH=/usr/local/sbin:/usr/local/bin:/usr/sbin:/usr/bin:/sbin:/bin:/snap/bin
SHELL=/bin/sh
LANG=C.UTF-8

Signal Handlers:
SIGSEGV: [libjvm.so+0xe9b670], sa_mask[0]=11111111011111111101111111111110, sa_flags=SA_RESTART|SA_SIGINFO
SIGBUS: [libjvm.so+0xe9b670], sa_mask[0]=11111111011111111101111111111110, sa_flags=SA_RESTART|SA_SIGINFO
SIGFPE: [libjvm.so+0xe9b670], sa_mask[0]=11111111011111111101111111111110, sa_flags=SA_RESTART|SA_SIGINFO
SIGPIPE: [libjvm.so+0xbe1330], sa_mask[0]=11111111011111111101111111111110, sa_flags=SA_RESTART|SA_SIGINFO
SIGXFSZ: [libjvm.so+0xbe1330], sa_mask[0]=11111111011111111101111111111110, sa_flags=SA_RESTART|SA_SIGINFO
SIGILL: [libjvm.so+0xe9b670], sa_mask[0]=11111111011111111101111111111110, sa_flags=SA_RESTART|SA_SIGINFO
SIGUSR2: [libjvm.so+0xbe11d0], sa_mask[0]=00000000000000000000000000000000, sa_flags=SA_RESTART|SA_SIGINFO
SIGHUP: SIG_DFL, sa_mask[0]=00000000000000000000000000000000, sa_flags=none
SIGINT: SIG_DFL, sa_mask[0]=00000000000000000000000000000000, sa_flags=none
SIGTERM: SIG_DFL, sa_mask[0]=00000000000000000000000000000000, sa_flags=none
SIGQUIT: SIG_DFL, sa_mask[0]=00000000000000000000000000000000, sa_flags=none


---------------  S Y S T E M  ---------------

OS:DISTRIB_ID=Ubuntu
DISTRIB_RELEASE=21.10
DISTRIB_CODENAME=impish
DISTRIB_DESCRIPTION="Ubuntu 21.10"
uname:Linux 5.13.0-19-generic #19-Ubuntu SMP Thu Oct 7 21:58:00 UTC 2021 x86_64
OS uptime: 0 days 1:05 hours
libc:glibc 2.34 NPTL 2.34 
rlimit (soft/hard): STACK 8192k/infinity , CORE 0k/infinity , NPROC 15204/15204 , NOFILE 524288/524288 , AS infinity/infinity , CPU infinity/infinity , DATA infinity/infinity , FSIZE infinity/infinity , MEMLOCK 64k/64k
load average:0.00 0.01 0.04

/proc/meminfo:
MemTotal:        3921840 kB
MemFree:         1579260 kB
MemAvailable:    3483456 kB
Buffers:           14236 kB
Cached:          2018920 kB
SwapCached:            0 kB
Active:           650232 kB
Inactive:        1452132 kB
Active(anon):        944 kB
Inactive(anon):    68028 kB
Active(file):     649288 kB
Inactive(file):  1384104 kB
Unevictable:       19128 kB
Mlocked:           19128 kB
SwapTotal:             0 kB
SwapFree:              0 kB
Dirty:               628 kB
Writeback:             0 kB
AnonPages:         88336 kB
Mapped:            77084 kB
Shmem:               988 kB
KReclaimable:     150024 kB
Slab:             192576 kB
SReclaimable:     150024 kB
SUnreclaim:        42552 kB
KernelStack:        2340 kB
PageTables:         2120 kB
NFS_Unstable:          0 kB
Bounce:                0 kB
WritebackTmp:          0 kB
CommitLimit:     1960920 kB
Committed_AS:     532084 kB
VmallocTotal:   34359738367 kB
VmallocUsed:       14092 kB
VmallocChunk:          0 kB
Percpu:             1640 kB
HardwareCorrupted:     0 kB
AnonHugePages:      4096 kB
ShmemHugePages:        0 kB
ShmemPmdMapped:        0 kB
FileHugePages:         0 kB
FilePmdMapped:         0 kB
HugePages_Total:       0
HugePages_Free:        0
HugePages_Rsvd:        0
HugePages_Surp:        0
Hugepagesize:       2048 kB
Hugetlb:               0 kB
DirectMap4k:      114544 kB
DirectMap2M:     3981312 kB

/sys/kernel/mm/transparent_hugepage/enabled:
always [madvise] never
/sys/kernel/mm/transparent_hugepage/defrag (defrag/compaction efforts parameter):
always defer defer+madvise [madvise] never

Process Memory:
Virtual Size: 871348K (peak: 5065652K)
Resident Set Size: 15124K (peak: 15124K) (anon: 2044K, file: 13080K, shmem: 0K)
Swapped out: 0K
C-Heap outstanding allocations: 626K

/proc/sys/kernel/threads-max (system-wide limit on the number of threads):
30408
/proc/sys/vm/max_map_count (maximum number of memory map areas a process may have):
65530
/proc/sys/kernel/pid_max (system-wide limit on number of process identifiers):
4194304

KVM virtualization detected
Steal ticks since vm start: 0
Steal ticks percentage since vm start:  0.000

CPU:total 2 (initial active 2) (1 cores per cpu, 1 threads per core) family 6 model 60 stepping 1 microcode 0x1, cmov, cx8, fxsr, mmx, sse, sse2, sse3, ssse3, sse4.1, sse4.2, popcnt, avx, avx2, aes, clmul, erms, lzcnt, tsc, bmi1, bmi2, fma
CPU Model and flags from /proc/cpuinfo:
model name	: Intel Core Processor (Haswell, no TSX)
flags		: fpu vme de pse tsc msr pae mce cx8 apic sep mtrr pge mca cmov pat pse36 clflush mmx fxsr sse sse2 syscall nx rdtscp lm constant_tsc rep_good nopl xtopology cpuid tsc_known_freq pni pclmulqdq vmx ssse3 fma cx16 pcid sse4_1 sse4_2 x2apic movbe popcnt tsc_deadline_timer aes xsave avx f16c rdrand hypervisor lahf_lm abm cpuid_fault invpcid_single pti tpr_shadow vnmi flexpriority ept vpid ept_ad fsgsbase bmi1 avx2 smep bmi2 erms invpcid xsaveopt arat
Online cpus:
0-1
Offline cpus:

BIOS frequency limitation:
<Not Available>
Frequency switch latency (ns):
<Not Available>
Available cpu frequencies:
<Not Available>
Current governor:
<Not Available>
Core performance/turbo boost:
<Not Available>

Memory: 4k page, physical 3921840k(1579260k free), swap 0k(0k free)

vm_info: OpenJDK 64-Bit Server VM (11.0.12+7-Ubuntu-0ubuntu3) for linux-amd64 JRE (11.0.12+7-Ubuntu-0ubuntu3), built on Aug 14 2021 12:38:05 by "unknown" with gcc 10.3.0

END.
