#
# There is insufficient memory for the Java Runtime Environment to continue.
# Native memory allocation (mmap) failed to map 4294967296 bytes for committing reserved memory.
# Possible reasons:
#   The system is out of physical RAM or swap space
#   The process is running with CompressedOops enabled, and the Java Heap may be blocking the growth of the native heap
# Possible solutions:
#   Reduce memory load on the system
#   Increase physical memory or swap space
#   Check if swap backing store is full
#   Decrease Java heap size (-Xmx/-Xms)
#   Decrease number of Java threads
#   Decrease Java thread stack sizes (-Xss)
#   Set larger code cache with -XX:ReservedCodeCacheSize=
# This output file may be truncated or incomplete.
#
#  Out of Memory Error (os_linux.cpp:2992), pid=14014, tid=14015
#
# JRE version:  (11.0.12+7) (build )
# Java VM: OpenJDK 64-Bit Server VM (11.0.12+7-Ubuntu-0ubuntu3, mixed mode, sharing, tiered, compressed oops, g1 gc, linux-amd64)
# Core dump will be written. Default location: Core dumps may be processed with "/usr/share/apport/apport %p %s %c %d %P %E" (or dumping to /opt/minecraft/superhappyfuntimes/core.14014)
#

---------------  S U M M A R Y ------------

Command Line: -Xmx4096M -Xms4096M minecraft_server.jar nogui

Host: Intel Core Processor (Haswell, no TSX), 2 cores, 3G, Ubuntu 21.10
Time: Wed Dec  1 14:59:26 2021 UTC elapsed time: 0.003923 seconds (0d 0h 0m 0s)

---------------  T H R E A D  ---------------

Current thread (0x00007fe060014000):  JavaThread "Unknown thread" [_thread_in_vm, id=14015, stack(0x00007fe067677000,0x00007fe067777000)]

Stack: [0x00007fe067677000,0x00007fe067777000],  sp=0x00007fe067775160,  free space=1016k
Native frames: (J=compiled Java code, A=aot compiled Java code, j=interpreted, Vv=VM code, C=native code)
V  [libjvm.so+0xe9aa02]
V  [libjvm.so+0xe9b611]
V  [libjvm.so+0x67aeba]
V  [libjvm.so+0xbe6520]
V  [libjvm.so+0xbdcde1]
V  [libjvm.so+0x78f312]
V  [libjvm.so+0x78f6f0]
V  [libjvm.so+0x79abe7]
V  [libjvm.so+0x81b6b8]
V  [libjvm.so+0x81c2e8]
V  [libjvm.so+0x81c911]
V  [libjvm.so+0x74958f]
V  [libjvm.so+0x749ca2]
V  [libjvm.so+0xe570e6]
V  [libjvm.so+0xe573aa]
V  [libjvm.so+0x83a28c]
V  [libjvm.so+0xe2fbfb]
V  [libjvm.so+0x8e1aa5]  JNI_CreateJavaVM+0x55
C  [libjli.so+0x4dc1]
C  [libjli.so+0x9b4d]


---------------  P R O C E S S  ---------------

Threads class SMR info:
_java_thread_list=0x00005604055dd300, length=0, elements={
}

Java Threads: ( => current thread )

Other Threads:
  0x00007fe06002d800 GCTaskThread "GC Thread#0" [stack: 0x00007fe067336000,0x00007fe067436000] [id=14016]
  0x00007fe06006d800 ConcurrentGCThread "G1 Main Marker" [stack: 0x00007fe0657ed000,0x00007fe0658ed000] [id=14017]
  0x00007fe06006f800 ConcurrentGCThread "G1 Conc#0" [stack: 0x00007fe0656eb000,0x00007fe0657eb000] [id=14018]

[error occurred during error reporting (printing all threads), id 0xb, SIGSEGV (0xb) at pc=0x00007fe0681f5a34]

VM state:not at safepoint (not fully initialized)

VM Mutex/Monitor currently owned by a thread:  ([mutex/lock_event])
[0x00007fe060012c60] Heap_lock - owner thread: 0x00007fe060014000

Heap address: 0x0000000700000000, size: 4096 MB, Compressed Oops mode: Non-zero based: 0x0000000700000000
Narrow klass base: 0x0000000000000000, Narrow klass shift: 0

GC Heap History (0 events):
No events

Deoptimization events (0 events):
No events

Classes redefined (0 events):
No events

Internal exceptions (0 events):
No events

Events (2 events):
Event: 0.001 Protecting memory [0x00007fe067677000,0x00007fe06767b000] with protection modes 0
Event: 0.002 Loaded shared library /usr/lib/jvm/java-11-openjdk-amd64/lib/libzip.so


Dynamic libraries:
5604041d1000-5604041d2000 r--p 00000000 08:01 258987                     /usr/lib/jvm/java-11-openjdk-amd64/bin/java
5604041d2000-5604041d3000 r-xp 00001000 08:01 258987                     /usr/lib/jvm/java-11-openjdk-amd64/bin/java
5604041d3000-5604041d4000 r--p 00002000 08:01 258987                     /usr/lib/jvm/java-11-openjdk-amd64/bin/java
5604041d4000-5604041d5000 r--p 00002000 08:01 258987                     /usr/lib/jvm/java-11-openjdk-amd64/bin/java
5604041d5000-5604041d6000 rw-p 00003000 08:01 258987                     /usr/lib/jvm/java-11-openjdk-amd64/bin/java
5604055c5000-5604055e6000 rw-p 00000000 00:00 0                          [heap]
7fe032000000-7fe034000000 rw-p 00000000 00:00 0 
7fe034000000-7fe034021000 rw-p 00000000 00:00 0 
7fe034021000-7fe038000000 ---p 00000000 00:00 0 
7fe038000000-7fe038021000 rw-p 00000000 00:00 0 
7fe038021000-7fe044000000 ---p 00000000 00:00 0 
7fe044000000-7fe044021000 rw-p 00000000 00:00 0 
7fe044021000-7fe048000000 ---p 00000000 00:00 0 
7fe04885f000-7fe048acf000 rwxp 00000000 00:00 0 
7fe048acf000-7fe048dee000 ---p 00000000 00:00 0 
7fe048dee000-7fe04905e000 rwxp 00000000 00:00 0 
7fe04905e000-7fe050326000 ---p 00000000 00:00 0 
7fe050326000-7fe050596000 rwxp 00000000 00:00 0 
7fe050596000-7fe05785f000 ---p 00000000 00:00 0 
7fe05785f000-7fe060000000 r--s 00000000 08:01 259146                     /usr/lib/jvm/java-11-openjdk-amd64/lib/modules
7fe060000000-7fe060082000 rw-p 00000000 00:00 0 
7fe060082000-7fe064000000 ---p 00000000 00:00 0 
7fe0654e7000-7fe0656e9000 rw-p 00000000 00:00 0 
7fe0656e9000-7fe0656ea000 ---p 00000000 00:00 0 
7fe0656ea000-7fe0657eb000 rw-p 00000000 00:00 0 
7fe0657eb000-7fe0657ec000 ---p 00000000 00:00 0 
7fe0657ec000-7fe065932000 rw-p 00000000 00:00 0 
7fe065932000-7fe067132000 ---p 00000000 00:00 0 
7fe067132000-7fe067334000 rw-p 00000000 00:00 0 
7fe067334000-7fe067335000 ---p 00000000 00:00 0 
7fe067335000-7fe06743b000 rw-p 00000000 00:00 0 
7fe06743b000-7fe067521000 ---p 00000000 00:00 0 
7fe067521000-7fe067526000 rw-p 00000000 00:00 0 
7fe067526000-7fe06760c000 ---p 00000000 00:00 0 
7fe06760c000-7fe067611000 rw-p 00000000 00:00 0 
7fe067611000-7fe067618000 ---p 00000000 00:00 0 
7fe067618000-7fe06761a000 r--p 00000000 08:01 259145                     /usr/lib/jvm/java-11-openjdk-amd64/lib/libzip.so
7fe06761a000-7fe06761e000 r-xp 00002000 08:01 259145                     /usr/lib/jvm/java-11-openjdk-amd64/lib/libzip.so
7fe06761e000-7fe067620000 r--p 00006000 08:01 259145                     /usr/lib/jvm/java-11-openjdk-amd64/lib/libzip.so
7fe067620000-7fe067621000 r--p 00007000 08:01 259145                     /usr/lib/jvm/java-11-openjdk-amd64/lib/libzip.so
7fe067621000-7fe067622000 rw-p 00008000 08:01 259145                     /usr/lib/jvm/java-11-openjdk-amd64/lib/libzip.so
7fe067622000-7fe06762a000 rw-s 00000000 08:01 778052                     /tmp/hsperfdata_minecraft/14014
7fe06762a000-7fe06762c000 r--p 00000000 08:01 259128                     /usr/lib/jvm/java-11-openjdk-amd64/lib/libjimage.so
7fe06762c000-7fe06762f000 r-xp 00002000 08:01 259128                     /usr/lib/jvm/java-11-openjdk-amd64/lib/libjimage.so
7fe06762f000-7fe067630000 r--p 00005000 08:01 259128                     /usr/lib/jvm/java-11-openjdk-amd64/lib/libjimage.so
7fe067630000-7fe067631000 ---p 00006000 08:01 259128                     /usr/lib/jvm/java-11-openjdk-amd64/lib/libjimage.so
7fe067631000-7fe067632000 r--p 00006000 08:01 259128                     /usr/lib/jvm/java-11-openjdk-amd64/lib/libjimage.so
7fe067632000-7fe067633000 rw-p 00007000 08:01 259128                     /usr/lib/jvm/java-11-openjdk-amd64/lib/libjimage.so
7fe067633000-7fe067640000 r--p 00000000 08:01 259125                     /usr/lib/jvm/java-11-openjdk-amd64/lib/libjava.so
7fe067640000-7fe067656000 r-xp 0000d000 08:01 259125                     /usr/lib/jvm/java-11-openjdk-amd64/lib/libjava.so
7fe067656000-7fe06765d000 r--p 00023000 08:01 259125                     /usr/lib/jvm/java-11-openjdk-amd64/lib/libjava.so
7fe06765d000-7fe06765e000 r--p 00029000 08:01 259125                     /usr/lib/jvm/java-11-openjdk-amd64/lib/libjava.so
7fe06765e000-7fe06765f000 rw-p 0002a000 08:01 259125                     /usr/lib/jvm/java-11-openjdk-amd64/lib/libjava.so
7fe06765f000-7fe067660000 rw-p 00000000 00:00 0 
7fe067660000-7fe067665000 r--p 00000000 08:01 259144                     /usr/lib/jvm/java-11-openjdk-amd64/lib/libverify.so
7fe067665000-7fe06766c000 r-xp 00005000 08:01 259144                     /usr/lib/jvm/java-11-openjdk-amd64/lib/libverify.so
7fe06766c000-7fe06766e000 r--p 0000c000 08:01 259144                     /usr/lib/jvm/java-11-openjdk-amd64/lib/libverify.so
7fe06766e000-7fe06766f000 ---p 0000e000 08:01 259144                     /usr/lib/jvm/java-11-openjdk-amd64/lib/libverify.so
7fe06766f000-7fe067671000 r--p 0000e000 08:01 259144                     /usr/lib/jvm/java-11-openjdk-amd64/lib/libverify.so
7fe067671000-7fe067672000 rw-p 00010000 08:01 259144                     /usr/lib/jvm/java-11-openjdk-amd64/lib/libverify.so
7fe067672000-7fe067673000 r--p 00000000 08:01 4697                       /usr/lib/x86_64-linux-gnu/librt.so.1
7fe067673000-7fe067674000 r-xp 00001000 08:01 4697                       /usr/lib/x86_64-linux-gnu/librt.so.1
7fe067674000-7fe067675000 r--p 00002000 08:01 4697                       /usr/lib/x86_64-linux-gnu/librt.so.1
7fe067675000-7fe067676000 r--p 00002000 08:01 4697                       /usr/lib/x86_64-linux-gnu/librt.so.1
7fe067676000-7fe067677000 rw-p 00003000 08:01 4697                       /usr/lib/x86_64-linux-gnu/librt.so.1
7fe067677000-7fe06767b000 ---p 00000000 00:00 0 
7fe06767b000-7fe067777000 rw-p 00000000 00:00 0 
7fe067777000-7fe06777a000 r--p 00000000 08:01 3593                       /usr/lib/x86_64-linux-gnu/libgcc_s.so.1
7fe06777a000-7fe06778c000 r-xp 00003000 08:01 3593                       /usr/lib/x86_64-linux-gnu/libgcc_s.so.1
7fe06778c000-7fe06778f000 r--p 00015000 08:01 3593                       /usr/lib/x86_64-linux-gnu/libgcc_s.so.1
7fe06778f000-7fe067790000 r--p 00017000 08:01 3593                       /usr/lib/x86_64-linux-gnu/libgcc_s.so.1
7fe067790000-7fe067791000 rw-p 00018000 08:01 3593                       /usr/lib/x86_64-linux-gnu/libgcc_s.so.1
7fe067791000-7fe0677a0000 r--p 00000000 08:01 3617                       /usr/lib/x86_64-linux-gnu/libm.so.6
7fe0677a0000-7fe06781a000 r-xp 0000f000 08:01 3617                       /usr/lib/x86_64-linux-gnu/libm.so.6
7fe06781a000-7fe067872000 r--p 00089000 08:01 3617                       /usr/lib/x86_64-linux-gnu/libm.so.6
7fe067872000-7fe067873000 ---p 000e1000 08:01 3617                       /usr/lib/x86_64-linux-gnu/libm.so.6
7fe067873000-7fe067874000 r--p 000e1000 08:01 3617                       /usr/lib/x86_64-linux-gnu/libm.so.6
7fe067874000-7fe067875000 rw-p 000e2000 08:01 3617                       /usr/lib/x86_64-linux-gnu/libm.so.6
7fe067875000-7fe06790e000 r--p 00000000 08:01 4888                       /usr/lib/x86_64-linux-gnu/libstdc++.so.6.0.29
7fe06790e000-7fe067a11000 r-xp 00099000 08:01 4888                       /usr/lib/x86_64-linux-gnu/libstdc++.so.6.0.29
7fe067a11000-7fe067a7d000 r--p 0019c000 08:01 4888                       /usr/lib/x86_64-linux-gnu/libstdc++.so.6.0.29
7fe067a7d000-7fe067a88000 r--p 00207000 08:01 4888                       /usr/lib/x86_64-linux-gnu/libstdc++.so.6.0.29
7fe067a88000-7fe067a8b000 rw-p 00212000 08:01 4888                       /usr/lib/x86_64-linux-gnu/libstdc++.so.6.0.29
7fe067a8b000-7fe067a8e000 rw-p 00000000 00:00 0 
7fe067a8e000-7fe067d0f000 r--p 00000000 08:01 259151                     /usr/lib/jvm/java-11-openjdk-amd64/lib/server/libjvm.so
7fe067d0f000-7fe06899c000 r-xp 00281000 08:01 259151                     /usr/lib/jvm/java-11-openjdk-amd64/lib/server/libjvm.so
7fe06899c000-7fe068bf9000 r--p 00f0e000 08:01 259151                     /usr/lib/jvm/java-11-openjdk-amd64/lib/server/libjvm.so
7fe068bf9000-7fe068bfa000 ---p 0116b000 08:01 259151                     /usr/lib/jvm/java-11-openjdk-amd64/lib/server/libjvm.so
7fe068bfa000-7fe068cbd000 r--p 0116b000 08:01 259151                     /usr/lib/jvm/java-11-openjdk-amd64/lib/server/libjvm.so
7fe068cbd000-7fe068cf8000 rw-p 0122e000 08:01 259151                     /usr/lib/jvm/java-11-openjdk-amd64/lib/server/libjvm.so
7fe068cf8000-7fe068d52000 rw-p 00000000 00:00 0 
7fe068d52000-7fe068d54000 r--p 00000000 08:01 4700                       /usr/lib/x86_64-linux-gnu/libz.so.1.2.11
7fe068d54000-7fe068d65000 r-xp 00002000 08:01 4700                       /usr/lib/x86_64-linux-gnu/libz.so.1.2.11
7fe068d65000-7fe068d6b000 r--p 00013000 08:01 4700                       /usr/lib/x86_64-linux-gnu/libz.so.1.2.11
7fe068d6b000-7fe068d6c000 ---p 00019000 08:01 4700                       /usr/lib/x86_64-linux-gnu/libz.so.1.2.11
7fe068d6c000-7fe068d6d000 r--p 00019000 08:01 4700                       /usr/lib/x86_64-linux-gnu/libz.so.1.2.11
7fe068d6d000-7fe068d6e000 rw-p 0001a000 08:01 4700                       /usr/lib/x86_64-linux-gnu/libz.so.1.2.11
7fe068d6e000-7fe068d9a000 r--p 00000000 08:01 3614                       /usr/lib/x86_64-linux-gnu/libc.so.6
7fe068d9a000-7fe068f2e000 r-xp 0002c000 08:01 3614                       /usr/lib/x86_64-linux-gnu/libc.so.6
7fe068f2e000-7fe068f82000 r--p 001c0000 08:01 3614                       /usr/lib/x86_64-linux-gnu/libc.so.6
7fe068f82000-7fe068f83000 ---p 00214000 08:01 3614                       /usr/lib/x86_64-linux-gnu/libc.so.6
7fe068f83000-7fe068f86000 r--p 00214000 08:01 3614                       /usr/lib/x86_64-linux-gnu/libc.so.6
7fe068f86000-7fe068f89000 rw-p 00217000 08:01 3614                       /usr/lib/x86_64-linux-gnu/libc.so.6
7fe068f89000-7fe068f96000 rw-p 00000000 00:00 0 
7fe068f99000-7fe068f9b000 r--s 0000c000 08:01 71699                      /usr/share/java/java-atk-wrapper.jar
7fe068f9b000-7fe068f9c000 ---p 00000000 00:00 0 
7fe068f9c000-7fe068f9d000 r--p 00000000 00:00 0 
7fe068f9d000-7fe068fa0000 r--p 00000000 08:01 259110                     /usr/lib/jvm/java-11-openjdk-amd64/lib/jli/libjli.so
7fe068fa0000-7fe068faa000 r-xp 00003000 08:01 259110                     /usr/lib/jvm/java-11-openjdk-amd64/lib/jli/libjli.so
7fe068faa000-7fe068fad000 r--p 0000d000 08:01 259110                     /usr/lib/jvm/java-11-openjdk-amd64/lib/jli/libjli.so
7fe068fad000-7fe068fae000 ---p 00010000 08:01 259110                     /usr/lib/jvm/java-11-openjdk-amd64/lib/jli/libjli.so
7fe068fae000-7fe068faf000 r--p 00010000 08:01 259110                     /usr/lib/jvm/java-11-openjdk-amd64/lib/jli/libjli.so
7fe068faf000-7fe068fb0000 rw-p 00011000 08:01 259110                     /usr/lib/jvm/java-11-openjdk-amd64/lib/jli/libjli.so
7fe068fb0000-7fe068fb2000 rw-p 00000000 00:00 0 
7fe068fb2000-7fe068fb3000 r--p 00000000 08:01 3610                       /usr/lib/x86_64-linux-gnu/ld-linux-x86-64.so.2
7fe068fb3000-7fe068fdb000 r-xp 00001000 08:01 3610                       /usr/lib/x86_64-linux-gnu/ld-linux-x86-64.so.2
7fe068fdb000-7fe068fe5000 r--p 00029000 08:01 3610                       /usr/lib/x86_64-linux-gnu/ld-linux-x86-64.so.2
7fe068fe5000-7fe068fe7000 r--p 00032000 08:01 3610                       /usr/lib/x86_64-linux-gnu/ld-linux-x86-64.so.2
7fe068fe7000-7fe068fe9000 rw-p 00034000 08:01 3610                       /usr/lib/x86_64-linux-gnu/ld-linux-x86-64.so.2
7ffde630c000-7ffde632d000 rw-p 00000000 00:00 0                          [stack]
7ffde6369000-7ffde636d000 r--p 00000000 00:00 0                          [vvar]
7ffde636d000-7ffde636f000 r-xp 00000000 00:00 0                          [vdso]
ffffffffff600000-ffffffffff601000 --xp 00000000 00:00 0                  [vsyscall]


VM Arguments:
jvm_args: -Xmx4096M -Xms4096M 
java_command: minecraft_server.jar nogui
java_class_path (initial): minecraft_server.jar
Launcher Type: SUN_STANDARD

[Global flags]
     intx CICompilerCount                          = 2                                         {product} {ergonomic}
     uint ConcGCThreads                            = 1                                         {product} {ergonomic}
     uint G1ConcRefinementThreads                  = 2                                         {product} {ergonomic}
   size_t G1HeapRegionSize                         = 2097152                                   {product} {ergonomic}
    uintx GCDrainStackTargetSize                   = 64                                        {product} {ergonomic}
   size_t InitialHeapSize                          = 4294967296                                {product} {command line}
   size_t MarkStackSize                            = 4194304                                   {product} {ergonomic}
   size_t MaxHeapSize                              = 4294967296                                {product} {command line}
   size_t MinHeapDeltaBytes                        = 2097152                                   {product} {ergonomic}
    uintx NonNMethodCodeHeapSize                   = 5825164                                {pd product} {ergonomic}
    uintx NonProfiledCodeHeapSize                  = 122916538                              {pd product} {ergonomic}
    uintx ProfiledCodeHeapSize                     = 122916538                              {pd product} {ergonomic}
    uintx ReservedCodeCacheSize                    = 251658240                              {pd product} {ergonomic}
     bool SegmentedCodeCache                       = true                                      {product} {ergonomic}
     bool UseCompressedClassPointers               = true                                 {lp64_product} {ergonomic}
     bool UseCompressedOops                        = true                                 {lp64_product} {ergonomic}
     bool UseG1GC                                  = true                                      {product} {ergonomic}

Logging:
Log output configuration:
 #0: stdout all=warning uptime,level,tags
 #1: stderr all=off uptime,level,tags

Environment Variables:
PATH=/usr/local/sbin:/usr/local/bin:/usr/sbin:/usr/bin:/sbin:/bin:/snap/bin
SHELL=/bin/sh
LANG=C.UTF-8

Signal Handlers:
SIGSEGV: [libjvm.so+0xe9b670], sa_mask[0]=11111111011111111101111111111110, sa_flags=SA_RESTART|SA_SIGINFO
SIGBUS: [libjvm.so+0xe9b670], sa_mask[0]=11111111011111111101111111111110, sa_flags=SA_RESTART|SA_SIGINFO
SIGFPE: [libjvm.so+0xe9b670], sa_mask[0]=11111111011111111101111111111110, sa_flags=SA_RESTART|SA_SIGINFO
SIGPIPE: [libjvm.so+0xbe1330], sa_mask[0]=11111111011111111101111111111110, sa_flags=SA_RESTART|SA_SIGINFO
SIGXFSZ: [libjvm.so+0xbe1330], sa_mask[0]=11111111011111111101111111111110, sa_flags=SA_RESTART|SA_SIGINFO
SIGILL: [libjvm.so+0xe9b670], sa_mask[0]=11111111011111111101111111111110, sa_flags=SA_RESTART|SA_SIGINFO
SIGUSR2: [libjvm.so+0xbe11d0], sa_mask[0]=00000000000000000000000000000000, sa_flags=SA_RESTART|SA_SIGINFO
SIGHUP: SIG_DFL, sa_mask[0]=00000000000000000000000000000000, sa_flags=none
SIGINT: SIG_DFL, sa_mask[0]=00000000000000000000000000000000, sa_flags=none
SIGTERM: SIG_DFL, sa_mask[0]=00000000000000000000000000000000, sa_flags=none
SIGQUIT: SIG_DFL, sa_mask[0]=00000000000000000000000000000000, sa_flags=none


---------------  S Y S T E M  ---------------

OS:DISTRIB_ID=Ubuntu
DISTRIB_RELEASE=21.10
DISTRIB_CODENAME=impish
DISTRIB_DESCRIPTION="Ubuntu 21.10"
uname:Linux 5.13.0-19-generic #19-Ubuntu SMP Thu Oct 7 21:58:00 UTC 2021 x86_64
OS uptime: 0 days 1:11 hours
libc:glibc 2.34 NPTL 2.34 
rlimit (soft/hard): STACK 8192k/infinity , CORE 0k/infinity , NPROC 15204/15204 , NOFILE 524288/524288 , AS infinity/infinity , CPU infinity/infinity , DATA infinity/infinity , FSIZE infinity/infinity , MEMLOCK 64k/64k
load average:0.33 0.09 0.04

/proc/meminfo:
MemTotal:        3921840 kB
MemFree:         1074504 kB
MemAvailable:    3474232 kB
Buffers:           16536 kB
Cached:          2504624 kB
SwapCached:            0 kB
Active:           653596 kB
Inactive:        1936708 kB
Active(anon):        948 kB
Inactive(anon):    67960 kB
Active(file):     652648 kB
Inactive(file):  1868748 kB
Unevictable:       19128 kB
Mlocked:           19128 kB
SwapTotal:             0 kB
SwapFree:              0 kB
Dirty:               560 kB
Writeback:             0 kB
AnonPages:         88304 kB
Mapped:            76768 kB
Shmem:               988 kB
KReclaimable:     165080 kB
Slab:             209212 kB
SReclaimable:     165080 kB
SUnreclaim:        44132 kB
KernelStack:        2324 kB
PageTables:         2128 kB
NFS_Unstable:          0 kB
Bounce:                0 kB
WritebackTmp:          0 kB
CommitLimit:     1960920 kB
Committed_AS:     532084 kB
VmallocTotal:   34359738367 kB
VmallocUsed:       14076 kB
VmallocChunk:          0 kB
Percpu:             1688 kB
HardwareCorrupted:     0 kB
AnonHugePages:      4096 kB
ShmemHugePages:        0 kB
ShmemPmdMapped:        0 kB
FileHugePages:         0 kB
FilePmdMapped:         0 kB
HugePages_Total:       0
HugePages_Free:        0
HugePages_Rsvd:        0
HugePages_Surp:        0
Hugepagesize:       2048 kB
Hugetlb:               0 kB
DirectMap4k:      114544 kB
DirectMap2M:     3981312 kB

/sys/kernel/mm/transparent_hugepage/enabled:
always [madvise] never
/sys/kernel/mm/transparent_hugepage/defrag (defrag/compaction efforts parameter):
always defer defer+madvise [madvise] never

Process Memory:
Virtual Size: 871348K (peak: 5065652K)
Resident Set Size: 14736K (peak: 14736K) (anon: 1864K, file: 12872K, shmem: 0K)
Swapped out: 0K
C-Heap outstanding allocations: 626K

/proc/sys/kernel/threads-max (system-wide limit on the number of threads):
30408
/proc/sys/vm/max_map_count (maximum number of memory map areas a process may have):
65530
/proc/sys/kernel/pid_max (system-wide limit on number of process identifiers):
4194304

KVM virtualization detected
Steal ticks since vm start: 0
Steal ticks percentage since vm start:  0.000

CPU:total 2 (initial active 2) (1 cores per cpu, 1 threads per core) family 6 model 60 stepping 1 microcode 0x1, cmov, cx8, fxsr, mmx, sse, sse2, sse3, ssse3, sse4.1, sse4.2, popcnt, avx, avx2, aes, clmul, erms, lzcnt, tsc, bmi1, bmi2, fma
CPU Model and flags from /proc/cpuinfo:
model name	: Intel Core Processor (Haswell, no TSX)
flags		: fpu vme de pse tsc msr pae mce cx8 apic sep mtrr pge mca cmov pat pse36 clflush mmx fxsr sse sse2 syscall nx rdtscp lm constant_tsc rep_good nopl xtopology cpuid tsc_known_freq pni pclmulqdq vmx ssse3 fma cx16 pcid sse4_1 sse4_2 x2apic movbe popcnt tsc_deadline_timer aes xsave avx f16c rdrand hypervisor lahf_lm abm cpuid_fault invpcid_single pti tpr_shadow vnmi flexpriority ept vpid ept_ad fsgsbase bmi1 avx2 smep bmi2 erms invpcid xsaveopt arat
Online cpus:
0-1
Offline cpus:

BIOS frequency limitation:
<Not Available>
Frequency switch latency (ns):
<Not Available>
Available cpu frequencies:
<Not Available>
Current governor:
<Not Available>
Core performance/turbo boost:
<Not Available>

Memory: 4k page, physical 3921840k(1074504k free), swap 0k(0k free)

vm_info: OpenJDK 64-Bit Server VM (11.0.12+7-Ubuntu-0ubuntu3) for linux-amd64 JRE (11.0.12+7-Ubuntu-0ubuntu3), built on Aug 14 2021 12:38:05 by "unknown" with gcc 10.3.0

END.
