#
# There is insufficient memory for the Java Runtime Environment to continue.
# Native memory allocation (mmap) failed to map 4294967296 bytes for committing reserved memory.
# Possible reasons:
#   The system is out of physical RAM or swap space
#   The process is running with CompressedOops enabled, and the Java Heap may be blocking the growth of the native heap
# Possible solutions:
#   Reduce memory load on the system
#   Increase physical memory or swap space
#   Check if swap backing store is full
#   Decrease Java heap size (-Xmx/-Xms)
#   Decrease number of Java threads
#   Decrease Java thread stack sizes (-Xss)
#   Set larger code cache with -XX:ReservedCodeCacheSize=
# This output file may be truncated or incomplete.
#
#  Out of Memory Error (os_linux.cpp:2992), pid=13601, tid=13602
#
# JRE version:  (11.0.12+7) (build )
# Java VM: OpenJDK 64-Bit Server VM (11.0.12+7-Ubuntu-0ubuntu3, mixed mode, sharing, tiered, compressed oops, g1 gc, linux-amd64)
# Core dump will be written. Default location: Core dumps may be processed with "/usr/share/apport/apport %p %s %c %d %P %E" (or dumping to /opt/minecraft/superhappyfuntimes/core.13601)
#

---------------  S U M M A R Y ------------

Command Line: -Xmx4096M -Xms4096M minecraft_server.jar nogui

Host: Intel Core Processor (Haswell, no TSX), 2 cores, 3G, Ubuntu 21.10
Time: Wed Dec  1 14:50:11 2021 UTC elapsed time: 0.004808 seconds (0d 0h 0m 0s)

---------------  T H R E A D  ---------------

Current thread (0x00007f65fc014000):  JavaThread "Unknown thread" [_thread_in_vm, id=13602, stack(0x00007f6603566000,0x00007f6603666000)]

Stack: [0x00007f6603566000,0x00007f6603666000],  sp=0x00007f6603664160,  free space=1016k
Native frames: (J=compiled Java code, A=aot compiled Java code, j=interpreted, Vv=VM code, C=native code)
V  [libjvm.so+0xe9aa02]
V  [libjvm.so+0xe9b611]
V  [libjvm.so+0x67aeba]
V  [libjvm.so+0xbe6520]
V  [libjvm.so+0xbdcde1]
V  [libjvm.so+0x78f312]
V  [libjvm.so+0x78f6f0]
V  [libjvm.so+0x79abe7]
V  [libjvm.so+0x81b6b8]
V  [libjvm.so+0x81c2e8]
V  [libjvm.so+0x81c911]
V  [libjvm.so+0x74958f]
V  [libjvm.so+0x749ca2]
V  [libjvm.so+0xe570e6]
V  [libjvm.so+0xe573aa]
V  [libjvm.so+0x83a28c]
V  [libjvm.so+0xe2fbfb]
V  [libjvm.so+0x8e1aa5]  JNI_CreateJavaVM+0x55
C  [libjli.so+0x4dc1]
C  [libjli.so+0x9b4d]


---------------  P R O C E S S  ---------------

Threads class SMR info:
_java_thread_list=0x0000556a2b42b300, length=0, elements={
}

Java Threads: ( => current thread )

Other Threads:
  0x00007f65fc02d800 GCTaskThread "GC Thread#0" [stack: 0x00007f6603225000,0x00007f6603325000] [id=13603]
  0x00007f65fc06d800 ConcurrentGCThread "G1 Main Marker" [stack: 0x00007f66016dc000,0x00007f66017dc000] [id=13604]
  0x00007f65fc06f800 ConcurrentGCThread "G1 Conc#0" [stack: 0x00007f66015da000,0x00007f66016da000] [id=13605]

[error occurred during error reporting (printing all threads), id 0xb, SIGSEGV (0xb) at pc=0x00007f66040e4a34]

VM state:not at safepoint (not fully initialized)

VM Mutex/Monitor currently owned by a thread:  ([mutex/lock_event])
[0x00007f65fc012c60] Heap_lock - owner thread: 0x00007f65fc014000

Heap address: 0x0000000700000000, size: 4096 MB, Compressed Oops mode: Non-zero based: 0x0000000700000000
Narrow klass base: 0x0000000000000000, Narrow klass shift: 0

GC Heap History (0 events):
No events

Deoptimization events (0 events):
No events

Classes redefined (0 events):
No events

Internal exceptions (0 events):
No events

Events (2 events):
Event: 0.002 Protecting memory [0x00007f6603566000,0x00007f660356a000] with protection modes 0
Event: 0.002 Loaded shared library /usr/lib/jvm/java-11-openjdk-amd64/lib/libzip.so


Dynamic libraries:
556a2af14000-556a2af15000 r--p 00000000 08:01 258987                     /usr/lib/jvm/java-11-openjdk-amd64/bin/java
556a2af15000-556a2af16000 r-xp 00001000 08:01 258987                     /usr/lib/jvm/java-11-openjdk-amd64/bin/java
556a2af16000-556a2af17000 r--p 00002000 08:01 258987                     /usr/lib/jvm/java-11-openjdk-amd64/bin/java
556a2af17000-556a2af18000 r--p 00002000 08:01 258987                     /usr/lib/jvm/java-11-openjdk-amd64/bin/java
556a2af18000-556a2af19000 rw-p 00003000 08:01 258987                     /usr/lib/jvm/java-11-openjdk-amd64/bin/java
556a2b413000-556a2b434000 rw-p 00000000 00:00 0                          [heap]
7f65ce000000-7f65d0000000 rw-p 00000000 00:00 0 
7f65d0000000-7f65d0021000 rw-p 00000000 00:00 0 
7f65d0021000-7f65d4000000 ---p 00000000 00:00 0 
7f65d4000000-7f65d4021000 rw-p 00000000 00:00 0 
7f65d4021000-7f65e0000000 ---p 00000000 00:00 0 
7f65e0000000-7f65e0021000 rw-p 00000000 00:00 0 
7f65e0021000-7f65e4000000 ---p 00000000 00:00 0 
7f65e485f000-7f65e4acf000 rwxp 00000000 00:00 0 
7f65e4acf000-7f65e4dee000 ---p 00000000 00:00 0 
7f65e4dee000-7f65e505e000 rwxp 00000000 00:00 0 
7f65e505e000-7f65ec326000 ---p 00000000 00:00 0 
7f65ec326000-7f65ec596000 rwxp 00000000 00:00 0 
7f65ec596000-7f65f385f000 ---p 00000000 00:00 0 
7f65f385f000-7f65fc000000 r--s 00000000 08:01 259146                     /usr/lib/jvm/java-11-openjdk-amd64/lib/modules
7f65fc000000-7f65fc082000 rw-p 00000000 00:00 0 
7f65fc082000-7f6600000000 ---p 00000000 00:00 0 
7f66013d6000-7f66015d8000 rw-p 00000000 00:00 0 
7f66015d8000-7f66015d9000 ---p 00000000 00:00 0 
7f66015d9000-7f66016da000 rw-p 00000000 00:00 0 
7f66016da000-7f66016db000 ---p 00000000 00:00 0 
7f66016db000-7f6601821000 rw-p 00000000 00:00 0 
7f6601821000-7f6603021000 ---p 00000000 00:00 0 
7f6603021000-7f6603223000 rw-p 00000000 00:00 0 
7f6603223000-7f6603224000 ---p 00000000 00:00 0 
7f6603224000-7f660332a000 rw-p 00000000 00:00 0 
7f660332a000-7f6603410000 ---p 00000000 00:00 0 
7f6603410000-7f6603415000 rw-p 00000000 00:00 0 
7f6603415000-7f66034fb000 ---p 00000000 00:00 0 
7f66034fb000-7f6603500000 rw-p 00000000 00:00 0 
7f6603500000-7f6603507000 ---p 00000000 00:00 0 
7f6603507000-7f6603509000 r--p 00000000 08:01 259145                     /usr/lib/jvm/java-11-openjdk-amd64/lib/libzip.so
7f6603509000-7f660350d000 r-xp 00002000 08:01 259145                     /usr/lib/jvm/java-11-openjdk-amd64/lib/libzip.so
7f660350d000-7f660350f000 r--p 00006000 08:01 259145                     /usr/lib/jvm/java-11-openjdk-amd64/lib/libzip.so
7f660350f000-7f6603510000 r--p 00007000 08:01 259145                     /usr/lib/jvm/java-11-openjdk-amd64/lib/libzip.so
7f6603510000-7f6603511000 rw-p 00008000 08:01 259145                     /usr/lib/jvm/java-11-openjdk-amd64/lib/libzip.so
7f6603511000-7f6603519000 rw-s 00000000 08:01 778051                     /tmp/hsperfdata_minecraft/13601
7f6603519000-7f660351b000 r--p 00000000 08:01 259128                     /usr/lib/jvm/java-11-openjdk-amd64/lib/libjimage.so
7f660351b000-7f660351e000 r-xp 00002000 08:01 259128                     /usr/lib/jvm/java-11-openjdk-amd64/lib/libjimage.so
7f660351e000-7f660351f000 r--p 00005000 08:01 259128                     /usr/lib/jvm/java-11-openjdk-amd64/lib/libjimage.so
7f660351f000-7f6603520000 ---p 00006000 08:01 259128                     /usr/lib/jvm/java-11-openjdk-amd64/lib/libjimage.so
7f6603520000-7f6603521000 r--p 00006000 08:01 259128                     /usr/lib/jvm/java-11-openjdk-amd64/lib/libjimage.so
7f6603521000-7f6603522000 rw-p 00007000 08:01 259128                     /usr/lib/jvm/java-11-openjdk-amd64/lib/libjimage.so
7f6603522000-7f660352f000 r--p 00000000 08:01 259125                     /usr/lib/jvm/java-11-openjdk-amd64/lib/libjava.so
7f660352f000-7f6603545000 r-xp 0000d000 08:01 259125                     /usr/lib/jvm/java-11-openjdk-amd64/lib/libjava.so
7f6603545000-7f660354c000 r--p 00023000 08:01 259125                     /usr/lib/jvm/java-11-openjdk-amd64/lib/libjava.so
7f660354c000-7f660354d000 r--p 00029000 08:01 259125                     /usr/lib/jvm/java-11-openjdk-amd64/lib/libjava.so
7f660354d000-7f660354e000 rw-p 0002a000 08:01 259125                     /usr/lib/jvm/java-11-openjdk-amd64/lib/libjava.so
7f660354e000-7f660354f000 rw-p 00000000 00:00 0 
7f660354f000-7f6603554000 r--p 00000000 08:01 259144                     /usr/lib/jvm/java-11-openjdk-amd64/lib/libverify.so
7f6603554000-7f660355b000 r-xp 00005000 08:01 259144                     /usr/lib/jvm/java-11-openjdk-amd64/lib/libverify.so
7f660355b000-7f660355d000 r--p 0000c000 08:01 259144                     /usr/lib/jvm/java-11-openjdk-amd64/lib/libverify.so
7f660355d000-7f660355e000 ---p 0000e000 08:01 259144                     /usr/lib/jvm/java-11-openjdk-amd64/lib/libverify.so
7f660355e000-7f6603560000 r--p 0000e000 08:01 259144                     /usr/lib/jvm/java-11-openjdk-amd64/lib/libverify.so
7f6603560000-7f6603561000 rw-p 00010000 08:01 259144                     /usr/lib/jvm/java-11-openjdk-amd64/lib/libverify.so
7f6603561000-7f6603562000 r--p 00000000 08:01 4697                       /usr/lib/x86_64-linux-gnu/librt.so.1
7f6603562000-7f6603563000 r-xp 00001000 08:01 4697                       /usr/lib/x86_64-linux-gnu/librt.so.1
7f6603563000-7f6603564000 r--p 00002000 08:01 4697                       /usr/lib/x86_64-linux-gnu/librt.so.1
7f6603564000-7f6603565000 r--p 00002000 08:01 4697                       /usr/lib/x86_64-linux-gnu/librt.so.1
7f6603565000-7f6603566000 rw-p 00003000 08:01 4697                       /usr/lib/x86_64-linux-gnu/librt.so.1
7f6603566000-7f660356a000 ---p 00000000 00:00 0 
7f660356a000-7f6603666000 rw-p 00000000 00:00 0 
7f6603666000-7f6603669000 r--p 00000000 08:01 3593                       /usr/lib/x86_64-linux-gnu/libgcc_s.so.1
7f6603669000-7f660367b000 r-xp 00003000 08:01 3593                       /usr/lib/x86_64-linux-gnu/libgcc_s.so.1
7f660367b000-7f660367e000 r--p 00015000 08:01 3593                       /usr/lib/x86_64-linux-gnu/libgcc_s.so.1
7f660367e000-7f660367f000 r--p 00017000 08:01 3593                       /usr/lib/x86_64-linux-gnu/libgcc_s.so.1
7f660367f000-7f6603680000 rw-p 00018000 08:01 3593                       /usr/lib/x86_64-linux-gnu/libgcc_s.so.1
7f6603680000-7f660368f000 r--p 00000000 08:01 3617                       /usr/lib/x86_64-linux-gnu/libm.so.6
7f660368f000-7f6603709000 r-xp 0000f000 08:01 3617                       /usr/lib/x86_64-linux-gnu/libm.so.6
7f6603709000-7f6603761000 r--p 00089000 08:01 3617                       /usr/lib/x86_64-linux-gnu/libm.so.6
7f6603761000-7f6603762000 ---p 000e1000 08:01 3617                       /usr/lib/x86_64-linux-gnu/libm.so.6
7f6603762000-7f6603763000 r--p 000e1000 08:01 3617                       /usr/lib/x86_64-linux-gnu/libm.so.6
7f6603763000-7f6603764000 rw-p 000e2000 08:01 3617                       /usr/lib/x86_64-linux-gnu/libm.so.6
7f6603764000-7f66037fd000 r--p 00000000 08:01 4888                       /usr/lib/x86_64-linux-gnu/libstdc++.so.6.0.29
7f66037fd000-7f6603900000 r-xp 00099000 08:01 4888                       /usr/lib/x86_64-linux-gnu/libstdc++.so.6.0.29
7f6603900000-7f660396c000 r--p 0019c000 08:01 4888                       /usr/lib/x86_64-linux-gnu/libstdc++.so.6.0.29
7f660396c000-7f6603977000 r--p 00207000 08:01 4888                       /usr/lib/x86_64-linux-gnu/libstdc++.so.6.0.29
7f6603977000-7f660397a000 rw-p 00212000 08:01 4888                       /usr/lib/x86_64-linux-gnu/libstdc++.so.6.0.29
7f660397a000-7f660397d000 rw-p 00000000 00:00 0 
7f660397d000-7f6603bfe000 r--p 00000000 08:01 259151                     /usr/lib/jvm/java-11-openjdk-amd64/lib/server/libjvm.so
7f6603bfe000-7f660488b000 r-xp 00281000 08:01 259151                     /usr/lib/jvm/java-11-openjdk-amd64/lib/server/libjvm.so
7f660488b000-7f6604ae8000 r--p 00f0e000 08:01 259151                     /usr/lib/jvm/java-11-openjdk-amd64/lib/server/libjvm.so
7f6604ae8000-7f6604ae9000 ---p 0116b000 08:01 259151                     /usr/lib/jvm/java-11-openjdk-amd64/lib/server/libjvm.so
7f6604ae9000-7f6604bac000 r--p 0116b000 08:01 259151                     /usr/lib/jvm/java-11-openjdk-amd64/lib/server/libjvm.so
7f6604bac000-7f6604be7000 rw-p 0122e000 08:01 259151                     /usr/lib/jvm/java-11-openjdk-amd64/lib/server/libjvm.so
7f6604be7000-7f6604c41000 rw-p 00000000 00:00 0 
7f6604c41000-7f6604c43000 r--p 00000000 08:01 4700                       /usr/lib/x86_64-linux-gnu/libz.so.1.2.11
7f6604c43000-7f6604c54000 r-xp 00002000 08:01 4700                       /usr/lib/x86_64-linux-gnu/libz.so.1.2.11
7f6604c54000-7f6604c5a000 r--p 00013000 08:01 4700                       /usr/lib/x86_64-linux-gnu/libz.so.1.2.11
7f6604c5a000-7f6604c5b000 ---p 00019000 08:01 4700                       /usr/lib/x86_64-linux-gnu/libz.so.1.2.11
7f6604c5b000-7f6604c5c000 r--p 00019000 08:01 4700                       /usr/lib/x86_64-linux-gnu/libz.so.1.2.11
7f6604c5c000-7f6604c5d000 rw-p 0001a000 08:01 4700                       /usr/lib/x86_64-linux-gnu/libz.so.1.2.11
7f6604c5d000-7f6604c89000 r--p 00000000 08:01 3614                       /usr/lib/x86_64-linux-gnu/libc.so.6
7f6604c89000-7f6604e1d000 r-xp 0002c000 08:01 3614                       /usr/lib/x86_64-linux-gnu/libc.so.6
7f6604e1d000-7f6604e71000 r--p 001c0000 08:01 3614                       /usr/lib/x86_64-linux-gnu/libc.so.6
7f6604e71000-7f6604e72000 ---p 00214000 08:01 3614                       /usr/lib/x86_64-linux-gnu/libc.so.6
7f6604e72000-7f6604e75000 r--p 00214000 08:01 3614                       /usr/lib/x86_64-linux-gnu/libc.so.6
7f6604e75000-7f6604e78000 rw-p 00217000 08:01 3614                       /usr/lib/x86_64-linux-gnu/libc.so.6
7f6604e78000-7f6604e85000 rw-p 00000000 00:00 0 
7f6604e87000-7f6604e89000 r--s 0000c000 08:01 71699                      /usr/share/java/java-atk-wrapper.jar
7f6604e89000-7f6604e8a000 ---p 00000000 00:00 0 
7f6604e8a000-7f6604e8b000 r--p 00000000 00:00 0 
7f6604e8b000-7f6604e8e000 r--p 00000000 08:01 259110                     /usr/lib/jvm/java-11-openjdk-amd64/lib/jli/libjli.so
7f6604e8e000-7f6604e98000 r-xp 00003000 08:01 259110                     /usr/lib/jvm/java-11-openjdk-amd64/lib/jli/libjli.so
7f6604e98000-7f6604e9b000 r--p 0000d000 08:01 259110                     /usr/lib/jvm/java-11-openjdk-amd64/lib/jli/libjli.so
7f6604e9b000-7f6604e9c000 ---p 00010000 08:01 259110                     /usr/lib/jvm/java-11-openjdk-amd64/lib/jli/libjli.so
7f6604e9c000-7f6604e9d000 r--p 00010000 08:01 259110                     /usr/lib/jvm/java-11-openjdk-amd64/lib/jli/libjli.so
7f6604e9d000-7f6604e9e000 rw-p 00011000 08:01 259110                     /usr/lib/jvm/java-11-openjdk-amd64/lib/jli/libjli.so
7f6604e9e000-7f6604ea0000 rw-p 00000000 00:00 0 
7f6604ea0000-7f6604ea1000 r--p 00000000 08:01 3610                       /usr/lib/x86_64-linux-gnu/ld-linux-x86-64.so.2
7f6604ea1000-7f6604ec9000 r-xp 00001000 08:01 3610                       /usr/lib/x86_64-linux-gnu/ld-linux-x86-64.so.2
7f6604ec9000-7f6604ed3000 r--p 00029000 08:01 3610                       /usr/lib/x86_64-linux-gnu/ld-linux-x86-64.so.2
7f6604ed3000-7f6604ed5000 r--p 00032000 08:01 3610                       /usr/lib/x86_64-linux-gnu/ld-linux-x86-64.so.2
7f6604ed5000-7f6604ed7000 rw-p 00034000 08:01 3610                       /usr/lib/x86_64-linux-gnu/ld-linux-x86-64.so.2
7fffc17f5000-7fffc1816000 rw-p 00000000 00:00 0                          [stack]
7fffc19ea000-7fffc19ee000 r--p 00000000 00:00 0                          [vvar]
7fffc19ee000-7fffc19f0000 r-xp 00000000 00:00 0                          [vdso]
ffffffffff600000-ffffffffff601000 --xp 00000000 00:00 0                  [vsyscall]


VM Arguments:
jvm_args: -Xmx4096M -Xms4096M 
java_command: minecraft_server.jar nogui
java_class_path (initial): minecraft_server.jar
Launcher Type: SUN_STANDARD

[Global flags]
     intx CICompilerCount                          = 2                                         {product} {ergonomic}
     uint ConcGCThreads                            = 1                                         {product} {ergonomic}
     uint G1ConcRefinementThreads                  = 2                                         {product} {ergonomic}
   size_t G1HeapRegionSize                         = 2097152                                   {product} {ergonomic}
    uintx GCDrainStackTargetSize                   = 64                                        {product} {ergonomic}
   size_t InitialHeapSize                          = 4294967296                                {product} {command line}
   size_t MarkStackSize                            = 4194304                                   {product} {ergonomic}
   size_t MaxHeapSize                              = 4294967296                                {product} {command line}
   size_t MinHeapDeltaBytes                        = 2097152                                   {product} {ergonomic}
    uintx NonNMethodCodeHeapSize                   = 5825164                                {pd product} {ergonomic}
    uintx NonProfiledCodeHeapSize                  = 122916538                              {pd product} {ergonomic}
    uintx ProfiledCodeHeapSize                     = 122916538                              {pd product} {ergonomic}
    uintx ReservedCodeCacheSize                    = 251658240                              {pd product} {ergonomic}
     bool SegmentedCodeCache                       = true                                      {product} {ergonomic}
     bool UseCompressedClassPointers               = true                                 {lp64_product} {ergonomic}
     bool UseCompressedOops                        = true                                 {lp64_product} {ergonomic}
     bool UseG1GC                                  = true                                      {product} {ergonomic}

Logging:
Log output configuration:
 #0: stdout all=warning uptime,level,tags
 #1: stderr all=off uptime,level,tags

Environment Variables:
PATH=/usr/local/sbin:/usr/local/bin:/usr/sbin:/usr/bin:/sbin:/bin:/snap/bin
SHELL=/bin/sh
LANG=C.UTF-8

Signal Handlers:
SIGSEGV: [libjvm.so+0xe9b670], sa_mask[0]=11111111011111111101111111111110, sa_flags=SA_RESTART|SA_SIGINFO
SIGBUS: [libjvm.so+0xe9b670], sa_mask[0]=11111111011111111101111111111110, sa_flags=SA_RESTART|SA_SIGINFO
SIGFPE: [libjvm.so+0xe9b670], sa_mask[0]=11111111011111111101111111111110, sa_flags=SA_RESTART|SA_SIGINFO
SIGPIPE: [libjvm.so+0xbe1330], sa_mask[0]=11111111011111111101111111111110, sa_flags=SA_RESTART|SA_SIGINFO
SIGXFSZ: [libjvm.so+0xbe1330], sa_mask[0]=11111111011111111101111111111110, sa_flags=SA_RESTART|SA_SIGINFO
SIGILL: [libjvm.so+0xe9b670], sa_mask[0]=11111111011111111101111111111110, sa_flags=SA_RESTART|SA_SIGINFO
SIGUSR2: [libjvm.so+0xbe11d0], sa_mask[0]=00000000000000000000000000000000, sa_flags=SA_RESTART|SA_SIGINFO
SIGHUP: SIG_DFL, sa_mask[0]=00000000000000000000000000000000, sa_flags=none
SIGINT: SIG_DFL, sa_mask[0]=00000000000000000000000000000000, sa_flags=none
SIGTERM: SIG_DFL, sa_mask[0]=00000000000000000000000000000000, sa_flags=none
SIGQUIT: SIG_DFL, sa_mask[0]=00000000000000000000000000000000, sa_flags=none


---------------  S Y S T E M  ---------------

OS:DISTRIB_ID=Ubuntu
DISTRIB_RELEASE=21.10
DISTRIB_CODENAME=impish
DISTRIB_DESCRIPTION="Ubuntu 21.10"
uname:Linux 5.13.0-19-generic #19-Ubuntu SMP Thu Oct 7 21:58:00 UTC 2021 x86_64
OS uptime: 0 days 1:02 hours
libc:glibc 2.34 NPTL 2.34 
rlimit (soft/hard): STACK 8192k/infinity , CORE 0k/infinity , NPROC 15204/15204 , NOFILE 524288/524288 , AS infinity/infinity , CPU infinity/infinity , DATA infinity/infinity , FSIZE infinity/infinity , MEMLOCK 64k/64k
load average:0.00 0.02 0.06

/proc/meminfo:
MemTotal:        3921840 kB
MemFree:         1580144 kB
MemAvailable:    3483672 kB
Buffers:           13676 kB
Cached:          2018816 kB
SwapCached:            0 kB
Active:           649472 kB
Inactive:        1452224 kB
Active(anon):        948 kB
Inactive(anon):    68020 kB
Active(file):     648524 kB
Inactive(file):  1384204 kB
Unevictable:       19128 kB
Mlocked:           19128 kB
SwapTotal:             0 kB
SwapFree:              0 kB
Dirty:               656 kB
Writeback:             0 kB
AnonPages:         88332 kB
Mapped:            76512 kB
Shmem:               988 kB
KReclaimable:     150012 kB
Slab:             192500 kB
SReclaimable:     150012 kB
SUnreclaim:        42488 kB
KernelStack:        2340 kB
PageTables:         2120 kB
NFS_Unstable:          0 kB
Bounce:                0 kB
WritebackTmp:          0 kB
CommitLimit:     1960920 kB
Committed_AS:     532084 kB
VmallocTotal:   34359738367 kB
VmallocUsed:       14092 kB
VmallocChunk:          0 kB
Percpu:             1616 kB
HardwareCorrupted:     0 kB
AnonHugePages:      4096 kB
ShmemHugePages:        0 kB
ShmemPmdMapped:        0 kB
FileHugePages:         0 kB
FilePmdMapped:         0 kB
HugePages_Total:       0
HugePages_Free:        0
HugePages_Rsvd:        0
HugePages_Surp:        0
Hugepagesize:       2048 kB
Hugetlb:               0 kB
DirectMap4k:      114544 kB
DirectMap2M:     3981312 kB

/sys/kernel/mm/transparent_hugepage/enabled:
always [madvise] never
/sys/kernel/mm/transparent_hugepage/defrag (defrag/compaction efforts parameter):
always defer defer+madvise [madvise] never

Process Memory:
Virtual Size: 871348K (peak: 5065652K)
Resident Set Size: 14940K (peak: 14940K) (anon: 2096K, file: 12844K, shmem: 0K)
Swapped out: 0K
C-Heap outstanding allocations: 626K

/proc/sys/kernel/threads-max (system-wide limit on the number of threads):
30408
/proc/sys/vm/max_map_count (maximum number of memory map areas a process may have):
65530
/proc/sys/kernel/pid_max (system-wide limit on number of process identifiers):
4194304

KVM virtualization detected
Steal ticks since vm start: 0
Steal ticks percentage since vm start:  0.000

CPU:total 2 (initial active 2) (1 cores per cpu, 1 threads per core) family 6 model 60 stepping 1 microcode 0x1, cmov, cx8, fxsr, mmx, sse, sse2, sse3, ssse3, sse4.1, sse4.2, popcnt, avx, avx2, aes, clmul, erms, lzcnt, tsc, bmi1, bmi2, fma
CPU Model and flags from /proc/cpuinfo:
model name	: Intel Core Processor (Haswell, no TSX)
flags		: fpu vme de pse tsc msr pae mce cx8 apic sep mtrr pge mca cmov pat pse36 clflush mmx fxsr sse sse2 syscall nx rdtscp lm constant_tsc rep_good nopl xtopology cpuid tsc_known_freq pni pclmulqdq vmx ssse3 fma cx16 pcid sse4_1 sse4_2 x2apic movbe popcnt tsc_deadline_timer aes xsave avx f16c rdrand hypervisor lahf_lm abm cpuid_fault invpcid_single pti tpr_shadow vnmi flexpriority ept vpid ept_ad fsgsbase bmi1 avx2 smep bmi2 erms invpcid xsaveopt arat
Online cpus:
0-1
Offline cpus:

BIOS frequency limitation:
<Not Available>
Frequency switch latency (ns):
<Not Available>
Available cpu frequencies:
<Not Available>
Current governor:
<Not Available>
Core performance/turbo boost:
<Not Available>

Memory: 4k page, physical 3921840k(1580144k free), swap 0k(0k free)

vm_info: OpenJDK 64-Bit Server VM (11.0.12+7-Ubuntu-0ubuntu3) for linux-amd64 JRE (11.0.12+7-Ubuntu-0ubuntu3), built on Aug 14 2021 12:38:05 by "unknown" with gcc 10.3.0

END.
