#
# There is insufficient memory for the Java Runtime Environment to continue.
# Native memory allocation (mmap) failed to map 4294967296 bytes for committing reserved memory.
# Possible reasons:
#   The system is out of physical RAM or swap space
#   The process is running with CompressedOops enabled, and the Java Heap may be blocking the growth of the native heap
# Possible solutions:
#   Reduce memory load on the system
#   Increase physical memory or swap space
#   Check if swap backing store is full
#   Decrease Java heap size (-Xmx/-Xms)
#   Decrease number of Java threads
#   Decrease Java thread stack sizes (-Xss)
#   Set larger code cache with -XX:ReservedCodeCacheSize=
# This output file may be truncated or incomplete.
#
#  Out of Memory Error (os_linux.cpp:2992), pid=13946, tid=13947
#
# JRE version:  (11.0.12+7) (build )
# Java VM: OpenJDK 64-Bit Server VM (11.0.12+7-Ubuntu-0ubuntu3, mixed mode, sharing, tiered, compressed oops, g1 gc, linux-amd64)
# Core dump will be written. Default location: Core dumps may be processed with "/usr/share/apport/apport %p %s %c %d %P %E" (or dumping to /opt/minecraft/superhappyfuntimes/core.13946)
#

---------------  S U M M A R Y ------------

Command Line: -Xmx4096M -Xms4096M minecraft_server.jar nogui

Host: Intel Core Processor (Haswell, no TSX), 2 cores, 3G, Ubuntu 21.10
Time: Wed Dec  1 14:58:21 2021 UTC elapsed time: 0.005236 seconds (0d 0h 0m 0s)

---------------  T H R E A D  ---------------

Current thread (0x00007f2fe8014000):  JavaThread "Unknown thread" [_thread_in_vm, id=13947, stack(0x00007f2fefddd000,0x00007f2fefedd000)]

Stack: [0x00007f2fefddd000,0x00007f2fefedd000],  sp=0x00007f2fefedb160,  free space=1016k
Native frames: (J=compiled Java code, A=aot compiled Java code, j=interpreted, Vv=VM code, C=native code)
V  [libjvm.so+0xe9aa02]
V  [libjvm.so+0xe9b611]
V  [libjvm.so+0x67aeba]
V  [libjvm.so+0xbe6520]
V  [libjvm.so+0xbdcde1]
V  [libjvm.so+0x78f312]
V  [libjvm.so+0x78f6f0]
V  [libjvm.so+0x79abe7]
V  [libjvm.so+0x81b6b8]
V  [libjvm.so+0x81c2e8]
V  [libjvm.so+0x81c911]
V  [libjvm.so+0x74958f]
V  [libjvm.so+0x749ca2]
V  [libjvm.so+0xe570e6]
V  [libjvm.so+0xe573aa]
V  [libjvm.so+0x83a28c]
V  [libjvm.so+0xe2fbfb]
V  [libjvm.so+0x8e1aa5]  JNI_CreateJavaVM+0x55
C  [libjli.so+0x4dc1]
C  [libjli.so+0x9b4d]


---------------  P R O C E S S  ---------------

Threads class SMR info:
_java_thread_list=0x000055f6afcd2300, length=0, elements={
}

Java Threads: ( => current thread )

Other Threads:
  0x00007f2fe802d800 GCTaskThread "GC Thread#0" [stack: 0x00007f2fefa9c000,0x00007f2fefb9c000] [id=13948]
  0x00007f2fe806d800 ConcurrentGCThread "G1 Main Marker" [stack: 0x00007f2fedf53000,0x00007f2fee053000] [id=13949]
  0x00007f2fe806f800 ConcurrentGCThread "G1 Conc#0" [stack: 0x00007f2fede51000,0x00007f2fedf51000] [id=13950]

[error occurred during error reporting (printing all threads), id 0xb, SIGSEGV (0xb) at pc=0x00007f2ff095ba34]

VM state:not at safepoint (not fully initialized)

VM Mutex/Monitor currently owned by a thread:  ([mutex/lock_event])
[0x00007f2fe8012c60] Heap_lock - owner thread: 0x00007f2fe8014000

Heap address: 0x0000000700000000, size: 4096 MB, Compressed Oops mode: Non-zero based: 0x0000000700000000
Narrow klass base: 0x0000000000000000, Narrow klass shift: 0

GC Heap History (0 events):
No events

Deoptimization events (0 events):
No events

Classes redefined (0 events):
No events

Internal exceptions (0 events):
No events

Events (2 events):
Event: 0.002 Protecting memory [0x00007f2fefddd000,0x00007f2fefde1000] with protection modes 0
Event: 0.002 Loaded shared library /usr/lib/jvm/java-11-openjdk-amd64/lib/libzip.so


Dynamic libraries:
55f6ae650000-55f6ae651000 r--p 00000000 08:01 258987                     /usr/lib/jvm/java-11-openjdk-amd64/bin/java
55f6ae651000-55f6ae652000 r-xp 00001000 08:01 258987                     /usr/lib/jvm/java-11-openjdk-amd64/bin/java
55f6ae652000-55f6ae653000 r--p 00002000 08:01 258987                     /usr/lib/jvm/java-11-openjdk-amd64/bin/java
55f6ae653000-55f6ae654000 r--p 00002000 08:01 258987                     /usr/lib/jvm/java-11-openjdk-amd64/bin/java
55f6ae654000-55f6ae655000 rw-p 00003000 08:01 258987                     /usr/lib/jvm/java-11-openjdk-amd64/bin/java
55f6afcba000-55f6afcdb000 rw-p 00000000 00:00 0                          [heap]
7f2fba000000-7f2fbc000000 rw-p 00000000 00:00 0 
7f2fbc000000-7f2fbc021000 rw-p 00000000 00:00 0 
7f2fbc021000-7f2fc0000000 ---p 00000000 00:00 0 
7f2fc0000000-7f2fc0021000 rw-p 00000000 00:00 0 
7f2fc0021000-7f2fcc000000 ---p 00000000 00:00 0 
7f2fcc000000-7f2fcc021000 rw-p 00000000 00:00 0 
7f2fcc021000-7f2fd0000000 ---p 00000000 00:00 0 
7f2fd085f000-7f2fd0acf000 rwxp 00000000 00:00 0 
7f2fd0acf000-7f2fd0dee000 ---p 00000000 00:00 0 
7f2fd0dee000-7f2fd105e000 rwxp 00000000 00:00 0 
7f2fd105e000-7f2fd8326000 ---p 00000000 00:00 0 
7f2fd8326000-7f2fd8596000 rwxp 00000000 00:00 0 
7f2fd8596000-7f2fdf85f000 ---p 00000000 00:00 0 
7f2fdf85f000-7f2fe8000000 r--s 00000000 08:01 259146                     /usr/lib/jvm/java-11-openjdk-amd64/lib/modules
7f2fe8000000-7f2fe8082000 rw-p 00000000 00:00 0 
7f2fe8082000-7f2fec000000 ---p 00000000 00:00 0 
7f2fedc4d000-7f2fede4f000 rw-p 00000000 00:00 0 
7f2fede4f000-7f2fede50000 ---p 00000000 00:00 0 
7f2fede50000-7f2fedf51000 rw-p 00000000 00:00 0 
7f2fedf51000-7f2fedf52000 ---p 00000000 00:00 0 
7f2fedf52000-7f2fee098000 rw-p 00000000 00:00 0 
7f2fee098000-7f2fef898000 ---p 00000000 00:00 0 
7f2fef898000-7f2fefa9a000 rw-p 00000000 00:00 0 
7f2fefa9a000-7f2fefa9b000 ---p 00000000 00:00 0 
7f2fefa9b000-7f2fefba1000 rw-p 00000000 00:00 0 
7f2fefba1000-7f2fefc87000 ---p 00000000 00:00 0 
7f2fefc87000-7f2fefc8c000 rw-p 00000000 00:00 0 
7f2fefc8c000-7f2fefd72000 ---p 00000000 00:00 0 
7f2fefd72000-7f2fefd77000 rw-p 00000000 00:00 0 
7f2fefd77000-7f2fefd7e000 ---p 00000000 00:00 0 
7f2fefd7e000-7f2fefd80000 r--p 00000000 08:01 259145                     /usr/lib/jvm/java-11-openjdk-amd64/lib/libzip.so
7f2fefd80000-7f2fefd84000 r-xp 00002000 08:01 259145                     /usr/lib/jvm/java-11-openjdk-amd64/lib/libzip.so
7f2fefd84000-7f2fefd86000 r--p 00006000 08:01 259145                     /usr/lib/jvm/java-11-openjdk-amd64/lib/libzip.so
7f2fefd86000-7f2fefd87000 r--p 00007000 08:01 259145                     /usr/lib/jvm/java-11-openjdk-amd64/lib/libzip.so
7f2fefd87000-7f2fefd88000 rw-p 00008000 08:01 259145                     /usr/lib/jvm/java-11-openjdk-amd64/lib/libzip.so
7f2fefd88000-7f2fefd90000 rw-s 00000000 08:01 778052                     /tmp/hsperfdata_minecraft/13946
7f2fefd90000-7f2fefd92000 r--p 00000000 08:01 259128                     /usr/lib/jvm/java-11-openjdk-amd64/lib/libjimage.so
7f2fefd92000-7f2fefd95000 r-xp 00002000 08:01 259128                     /usr/lib/jvm/java-11-openjdk-amd64/lib/libjimage.so
7f2fefd95000-7f2fefd96000 r--p 00005000 08:01 259128                     /usr/lib/jvm/java-11-openjdk-amd64/lib/libjimage.so
7f2fefd96000-7f2fefd97000 ---p 00006000 08:01 259128                     /usr/lib/jvm/java-11-openjdk-amd64/lib/libjimage.so
7f2fefd97000-7f2fefd98000 r--p 00006000 08:01 259128                     /usr/lib/jvm/java-11-openjdk-amd64/lib/libjimage.so
7f2fefd98000-7f2fefd99000 rw-p 00007000 08:01 259128                     /usr/lib/jvm/java-11-openjdk-amd64/lib/libjimage.so
7f2fefd99000-7f2fefda6000 r--p 00000000 08:01 259125                     /usr/lib/jvm/java-11-openjdk-amd64/lib/libjava.so
7f2fefda6000-7f2fefdbc000 r-xp 0000d000 08:01 259125                     /usr/lib/jvm/java-11-openjdk-amd64/lib/libjava.so
7f2fefdbc000-7f2fefdc3000 r--p 00023000 08:01 259125                     /usr/lib/jvm/java-11-openjdk-amd64/lib/libjava.so
7f2fefdc3000-7f2fefdc4000 r--p 00029000 08:01 259125                     /usr/lib/jvm/java-11-openjdk-amd64/lib/libjava.so
7f2fefdc4000-7f2fefdc5000 rw-p 0002a000 08:01 259125                     /usr/lib/jvm/java-11-openjdk-amd64/lib/libjava.so
7f2fefdc5000-7f2fefdc6000 rw-p 00000000 00:00 0 
7f2fefdc6000-7f2fefdcb000 r--p 00000000 08:01 259144                     /usr/lib/jvm/java-11-openjdk-amd64/lib/libverify.so
7f2fefdcb000-7f2fefdd2000 r-xp 00005000 08:01 259144                     /usr/lib/jvm/java-11-openjdk-amd64/lib/libverify.so
7f2fefdd2000-7f2fefdd4000 r--p 0000c000 08:01 259144                     /usr/lib/jvm/java-11-openjdk-amd64/lib/libverify.so
7f2fefdd4000-7f2fefdd5000 ---p 0000e000 08:01 259144                     /usr/lib/jvm/java-11-openjdk-amd64/lib/libverify.so
7f2fefdd5000-7f2fefdd7000 r--p 0000e000 08:01 259144                     /usr/lib/jvm/java-11-openjdk-amd64/lib/libverify.so
7f2fefdd7000-7f2fefdd8000 rw-p 00010000 08:01 259144                     /usr/lib/jvm/java-11-openjdk-amd64/lib/libverify.so
7f2fefdd8000-7f2fefdd9000 r--p 00000000 08:01 4697                       /usr/lib/x86_64-linux-gnu/librt.so.1
7f2fefdd9000-7f2fefdda000 r-xp 00001000 08:01 4697                       /usr/lib/x86_64-linux-gnu/librt.so.1
7f2fefdda000-7f2fefddb000 r--p 00002000 08:01 4697                       /usr/lib/x86_64-linux-gnu/librt.so.1
7f2fefddb000-7f2fefddc000 r--p 00002000 08:01 4697                       /usr/lib/x86_64-linux-gnu/librt.so.1
7f2fefddc000-7f2fefddd000 rw-p 00003000 08:01 4697                       /usr/lib/x86_64-linux-gnu/librt.so.1
7f2fefddd000-7f2fefde1000 ---p 00000000 00:00 0 
7f2fefde1000-7f2fefedd000 rw-p 00000000 00:00 0 
7f2fefedd000-7f2fefee0000 r--p 00000000 08:01 3593                       /usr/lib/x86_64-linux-gnu/libgcc_s.so.1
7f2fefee0000-7f2fefef2000 r-xp 00003000 08:01 3593                       /usr/lib/x86_64-linux-gnu/libgcc_s.so.1
7f2fefef2000-7f2fefef5000 r--p 00015000 08:01 3593                       /usr/lib/x86_64-linux-gnu/libgcc_s.so.1
7f2fefef5000-7f2fefef6000 r--p 00017000 08:01 3593                       /usr/lib/x86_64-linux-gnu/libgcc_s.so.1
7f2fefef6000-7f2fefef7000 rw-p 00018000 08:01 3593                       /usr/lib/x86_64-linux-gnu/libgcc_s.so.1
7f2fefef7000-7f2feff06000 r--p 00000000 08:01 3617                       /usr/lib/x86_64-linux-gnu/libm.so.6
7f2feff06000-7f2feff80000 r-xp 0000f000 08:01 3617                       /usr/lib/x86_64-linux-gnu/libm.so.6
7f2feff80000-7f2feffd8000 r--p 00089000 08:01 3617                       /usr/lib/x86_64-linux-gnu/libm.so.6
7f2feffd8000-7f2feffd9000 ---p 000e1000 08:01 3617                       /usr/lib/x86_64-linux-gnu/libm.so.6
7f2feffd9000-7f2feffda000 r--p 000e1000 08:01 3617                       /usr/lib/x86_64-linux-gnu/libm.so.6
7f2feffda000-7f2feffdb000 rw-p 000e2000 08:01 3617                       /usr/lib/x86_64-linux-gnu/libm.so.6
7f2feffdb000-7f2ff0074000 r--p 00000000 08:01 4888                       /usr/lib/x86_64-linux-gnu/libstdc++.so.6.0.29
7f2ff0074000-7f2ff0177000 r-xp 00099000 08:01 4888                       /usr/lib/x86_64-linux-gnu/libstdc++.so.6.0.29
7f2ff0177000-7f2ff01e3000 r--p 0019c000 08:01 4888                       /usr/lib/x86_64-linux-gnu/libstdc++.so.6.0.29
7f2ff01e3000-7f2ff01ee000 r--p 00207000 08:01 4888                       /usr/lib/x86_64-linux-gnu/libstdc++.so.6.0.29
7f2ff01ee000-7f2ff01f1000 rw-p 00212000 08:01 4888                       /usr/lib/x86_64-linux-gnu/libstdc++.so.6.0.29
7f2ff01f1000-7f2ff01f4000 rw-p 00000000 00:00 0 
7f2ff01f4000-7f2ff0475000 r--p 00000000 08:01 259151                     /usr/lib/jvm/java-11-openjdk-amd64/lib/server/libjvm.so
7f2ff0475000-7f2ff1102000 r-xp 00281000 08:01 259151                     /usr/lib/jvm/java-11-openjdk-amd64/lib/server/libjvm.so
7f2ff1102000-7f2ff135f000 r--p 00f0e000 08:01 259151                     /usr/lib/jvm/java-11-openjdk-amd64/lib/server/libjvm.so
7f2ff135f000-7f2ff1360000 ---p 0116b000 08:01 259151                     /usr/lib/jvm/java-11-openjdk-amd64/lib/server/libjvm.so
7f2ff1360000-7f2ff1423000 r--p 0116b000 08:01 259151                     /usr/lib/jvm/java-11-openjdk-amd64/lib/server/libjvm.so
7f2ff1423000-7f2ff145e000 rw-p 0122e000 08:01 259151                     /usr/lib/jvm/java-11-openjdk-amd64/lib/server/libjvm.so
7f2ff145e000-7f2ff14b8000 rw-p 00000000 00:00 0 
7f2ff14b8000-7f2ff14ba000 r--p 00000000 08:01 4700                       /usr/lib/x86_64-linux-gnu/libz.so.1.2.11
7f2ff14ba000-7f2ff14cb000 r-xp 00002000 08:01 4700                       /usr/lib/x86_64-linux-gnu/libz.so.1.2.11
7f2ff14cb000-7f2ff14d1000 r--p 00013000 08:01 4700                       /usr/lib/x86_64-linux-gnu/libz.so.1.2.11
7f2ff14d1000-7f2ff14d2000 ---p 00019000 08:01 4700                       /usr/lib/x86_64-linux-gnu/libz.so.1.2.11
7f2ff14d2000-7f2ff14d3000 r--p 00019000 08:01 4700                       /usr/lib/x86_64-linux-gnu/libz.so.1.2.11
7f2ff14d3000-7f2ff14d4000 rw-p 0001a000 08:01 4700                       /usr/lib/x86_64-linux-gnu/libz.so.1.2.11
7f2ff14d4000-7f2ff1500000 r--p 00000000 08:01 3614                       /usr/lib/x86_64-linux-gnu/libc.so.6
7f2ff1500000-7f2ff1694000 r-xp 0002c000 08:01 3614                       /usr/lib/x86_64-linux-gnu/libc.so.6
7f2ff1694000-7f2ff16e8000 r--p 001c0000 08:01 3614                       /usr/lib/x86_64-linux-gnu/libc.so.6
7f2ff16e8000-7f2ff16e9000 ---p 00214000 08:01 3614                       /usr/lib/x86_64-linux-gnu/libc.so.6
7f2ff16e9000-7f2ff16ec000 r--p 00214000 08:01 3614                       /usr/lib/x86_64-linux-gnu/libc.so.6
7f2ff16ec000-7f2ff16ef000 rw-p 00217000 08:01 3614                       /usr/lib/x86_64-linux-gnu/libc.so.6
7f2ff16ef000-7f2ff16fc000 rw-p 00000000 00:00 0 
7f2ff16ff000-7f2ff1701000 r--s 0000c000 08:01 71699                      /usr/share/java/java-atk-wrapper.jar
7f2ff1701000-7f2ff1702000 ---p 00000000 00:00 0 
7f2ff1702000-7f2ff1703000 r--p 00000000 00:00 0 
7f2ff1703000-7f2ff1706000 r--p 00000000 08:01 259110                     /usr/lib/jvm/java-11-openjdk-amd64/lib/jli/libjli.so
7f2ff1706000-7f2ff1710000 r-xp 00003000 08:01 259110                     /usr/lib/jvm/java-11-openjdk-amd64/lib/jli/libjli.so
7f2ff1710000-7f2ff1713000 r--p 0000d000 08:01 259110                     /usr/lib/jvm/java-11-openjdk-amd64/lib/jli/libjli.so
7f2ff1713000-7f2ff1714000 ---p 00010000 08:01 259110                     /usr/lib/jvm/java-11-openjdk-amd64/lib/jli/libjli.so
7f2ff1714000-7f2ff1715000 r--p 00010000 08:01 259110                     /usr/lib/jvm/java-11-openjdk-amd64/lib/jli/libjli.so
7f2ff1715000-7f2ff1716000 rw-p 00011000 08:01 259110                     /usr/lib/jvm/java-11-openjdk-amd64/lib/jli/libjli.so
7f2ff1716000-7f2ff1718000 rw-p 00000000 00:00 0 
7f2ff1718000-7f2ff1719000 r--p 00000000 08:01 3610                       /usr/lib/x86_64-linux-gnu/ld-linux-x86-64.so.2
7f2ff1719000-7f2ff1741000 r-xp 00001000 08:01 3610                       /usr/lib/x86_64-linux-gnu/ld-linux-x86-64.so.2
7f2ff1741000-7f2ff174b000 r--p 00029000 08:01 3610                       /usr/lib/x86_64-linux-gnu/ld-linux-x86-64.so.2
7f2ff174b000-7f2ff174d000 r--p 00032000 08:01 3610                       /usr/lib/x86_64-linux-gnu/ld-linux-x86-64.so.2
7f2ff174d000-7f2ff174f000 rw-p 00034000 08:01 3610                       /usr/lib/x86_64-linux-gnu/ld-linux-x86-64.so.2
7fff0f0e9000-7fff0f10a000 rw-p 00000000 00:00 0                          [stack]
7fff0f176000-7fff0f17a000 r--p 00000000 00:00 0                          [vvar]
7fff0f17a000-7fff0f17c000 r-xp 00000000 00:00 0                          [vdso]
ffffffffff600000-ffffffffff601000 --xp 00000000 00:00 0                  [vsyscall]


VM Arguments:
jvm_args: -Xmx4096M -Xms4096M 
java_command: minecraft_server.jar nogui
java_class_path (initial): minecraft_server.jar
Launcher Type: SUN_STANDARD

[Global flags]
     intx CICompilerCount                          = 2                                         {product} {ergonomic}
     uint ConcGCThreads                            = 1                                         {product} {ergonomic}
     uint G1ConcRefinementThreads                  = 2                                         {product} {ergonomic}
   size_t G1HeapRegionSize                         = 2097152                                   {product} {ergonomic}
    uintx GCDrainStackTargetSize                   = 64                                        {product} {ergonomic}
   size_t InitialHeapSize                          = 4294967296                                {product} {command line}
   size_t MarkStackSize                            = 4194304                                   {product} {ergonomic}
   size_t MaxHeapSize                              = 4294967296                                {product} {command line}
   size_t MinHeapDeltaBytes                        = 2097152                                   {product} {ergonomic}
    uintx NonNMethodCodeHeapSize                   = 5825164                                {pd product} {ergonomic}
    uintx NonProfiledCodeHeapSize                  = 122916538                              {pd product} {ergonomic}
    uintx ProfiledCodeHeapSize                     = 122916538                              {pd product} {ergonomic}
    uintx ReservedCodeCacheSize                    = 251658240                              {pd product} {ergonomic}
     bool SegmentedCodeCache                       = true                                      {product} {ergonomic}
     bool UseCompressedClassPointers               = true                                 {lp64_product} {ergonomic}
     bool UseCompressedOops                        = true                                 {lp64_product} {ergonomic}
     bool UseG1GC                                  = true                                      {product} {ergonomic}

Logging:
Log output configuration:
 #0: stdout all=warning uptime,level,tags
 #1: stderr all=off uptime,level,tags

Environment Variables:
PATH=/usr/local/sbin:/usr/local/bin:/usr/sbin:/usr/bin:/sbin:/bin:/snap/bin
SHELL=/bin/sh
LANG=C.UTF-8

Signal Handlers:
SIGSEGV: [libjvm.so+0xe9b670], sa_mask[0]=11111111011111111101111111111110, sa_flags=SA_RESTART|SA_SIGINFO
SIGBUS: [libjvm.so+0xe9b670], sa_mask[0]=11111111011111111101111111111110, sa_flags=SA_RESTART|SA_SIGINFO
SIGFPE: [libjvm.so+0xe9b670], sa_mask[0]=11111111011111111101111111111110, sa_flags=SA_RESTART|SA_SIGINFO
SIGPIPE: [libjvm.so+0xbe1330], sa_mask[0]=11111111011111111101111111111110, sa_flags=SA_RESTART|SA_SIGINFO
SIGXFSZ: [libjvm.so+0xbe1330], sa_mask[0]=11111111011111111101111111111110, sa_flags=SA_RESTART|SA_SIGINFO
SIGILL: [libjvm.so+0xe9b670], sa_mask[0]=11111111011111111101111111111110, sa_flags=SA_RESTART|SA_SIGINFO
SIGUSR2: [libjvm.so+0xbe11d0], sa_mask[0]=00000000000000000000000000000000, sa_flags=SA_RESTART|SA_SIGINFO
SIGHUP: SIG_DFL, sa_mask[0]=00000000000000000000000000000000, sa_flags=none
SIGINT: SIG_DFL, sa_mask[0]=00000000000000000000000000000000, sa_flags=none
SIGTERM: SIG_DFL, sa_mask[0]=00000000000000000000000000000000, sa_flags=none
SIGQUIT: SIG_DFL, sa_mask[0]=00000000000000000000000000000000, sa_flags=none


---------------  S Y S T E M  ---------------

OS:DISTRIB_ID=Ubuntu
DISTRIB_RELEASE=21.10
DISTRIB_CODENAME=impish
DISTRIB_DESCRIPTION="Ubuntu 21.10"
uname:Linux 5.13.0-19-generic #19-Ubuntu SMP Thu Oct 7 21:58:00 UTC 2021 x86_64
OS uptime: 0 days 1:10 hours
libc:glibc 2.34 NPTL 2.34 
rlimit (soft/hard): STACK 8192k/infinity , CORE 0k/infinity , NPROC 15204/15204 , NOFILE 524288/524288 , AS infinity/infinity , CPU infinity/infinity , DATA infinity/infinity , FSIZE infinity/infinity , MEMLOCK 64k/64k
load average:0.06 0.02 0.02

/proc/meminfo:
MemTotal:        3921840 kB
MemFree:         1551388 kB
MemAvailable:    3482364 kB
Buffers:           15576 kB
Cached:          2043520 kB
SwapCached:            0 kB
Active:           651940 kB
Inactive:        1476364 kB
Active(anon):        948 kB
Inactive(anon):    68024 kB
Active(file):     650992 kB
Inactive(file):  1408340 kB
Unevictable:       19128 kB
Mlocked:           19128 kB
SwapTotal:             0 kB
SwapFree:              0 kB
Dirty:             38024 kB
Writeback:             0 kB
AnonPages:         88336 kB
Mapped:            76716 kB
Shmem:               988 kB
KReclaimable:     151700 kB
Slab:             194288 kB
SReclaimable:     151700 kB
SUnreclaim:        42588 kB
KernelStack:        2324 kB
PageTables:         2120 kB
NFS_Unstable:          0 kB
Bounce:                0 kB
WritebackTmp:          0 kB
CommitLimit:     1960920 kB
Committed_AS:     532084 kB
VmallocTotal:   34359738367 kB
VmallocUsed:       14076 kB
VmallocChunk:          0 kB
Percpu:             1664 kB
HardwareCorrupted:     0 kB
AnonHugePages:      4096 kB
ShmemHugePages:        0 kB
ShmemPmdMapped:        0 kB
FileHugePages:         0 kB
FilePmdMapped:         0 kB
HugePages_Total:       0
HugePages_Free:        0
HugePages_Rsvd:        0
HugePages_Surp:        0
Hugepagesize:       2048 kB
Hugetlb:               0 kB
DirectMap4k:      114544 kB
DirectMap2M:     3981312 kB

/sys/kernel/mm/transparent_hugepage/enabled:
always [madvise] never
/sys/kernel/mm/transparent_hugepage/defrag (defrag/compaction efforts parameter):
always defer defer+madvise [madvise] never

Process Memory:
Virtual Size: 871348K (peak: 5065652K)
Resident Set Size: 14972K (peak: 14972K) (anon: 2092K, file: 12880K, shmem: 0K)
Swapped out: 0K
C-Heap outstanding allocations: 626K

/proc/sys/kernel/threads-max (system-wide limit on the number of threads):
30408
/proc/sys/vm/max_map_count (maximum number of memory map areas a process may have):
65530
/proc/sys/kernel/pid_max (system-wide limit on number of process identifiers):
4194304

KVM virtualization detected
Steal ticks since vm start: 0
Steal ticks percentage since vm start:  0.000

CPU:total 2 (initial active 2) (1 cores per cpu, 1 threads per core) family 6 model 60 stepping 1 microcode 0x1, cmov, cx8, fxsr, mmx, sse, sse2, sse3, ssse3, sse4.1, sse4.2, popcnt, avx, avx2, aes, clmul, erms, lzcnt, tsc, bmi1, bmi2, fma
CPU Model and flags from /proc/cpuinfo:
model name	: Intel Core Processor (Haswell, no TSX)
flags		: fpu vme de pse tsc msr pae mce cx8 apic sep mtrr pge mca cmov pat pse36 clflush mmx fxsr sse sse2 syscall nx rdtscp lm constant_tsc rep_good nopl xtopology cpuid tsc_known_freq pni pclmulqdq vmx ssse3 fma cx16 pcid sse4_1 sse4_2 x2apic movbe popcnt tsc_deadline_timer aes xsave avx f16c rdrand hypervisor lahf_lm abm cpuid_fault invpcid_single pti tpr_shadow vnmi flexpriority ept vpid ept_ad fsgsbase bmi1 avx2 smep bmi2 erms invpcid xsaveopt arat
Online cpus:
0-1
Offline cpus:

BIOS frequency limitation:
<Not Available>
Frequency switch latency (ns):
<Not Available>
Available cpu frequencies:
<Not Available>
Current governor:
<Not Available>
Core performance/turbo boost:
<Not Available>

Memory: 4k page, physical 3921840k(1551388k free), swap 0k(0k free)

vm_info: OpenJDK 64-Bit Server VM (11.0.12+7-Ubuntu-0ubuntu3) for linux-amd64 JRE (11.0.12+7-Ubuntu-0ubuntu3), built on Aug 14 2021 12:38:05 by "unknown" with gcc 10.3.0

END.
