#
# There is insufficient memory for the Java Runtime Environment to continue.
# Native memory allocation (mmap) failed to map 4294967296 bytes for committing reserved memory.
# Possible reasons:
#   The system is out of physical RAM or swap space
#   The process is running with CompressedOops enabled, and the Java Heap may be blocking the growth of the native heap
# Possible solutions:
#   Reduce memory load on the system
#   Increase physical memory or swap space
#   Check if swap backing store is full
#   Decrease Java heap size (-Xmx/-Xms)
#   Decrease number of Java threads
#   Decrease Java thread stack sizes (-Xss)
#   Set larger code cache with -XX:ReservedCodeCacheSize=
# This output file may be truncated or incomplete.
#
#  Out of Memory Error (os_linux.cpp:2992), pid=13670, tid=13671
#
# JRE version:  (11.0.12+7) (build )
# Java VM: OpenJDK 64-Bit Server VM (11.0.12+7-Ubuntu-0ubuntu3, mixed mode, sharing, tiered, compressed oops, g1 gc, linux-amd64)
# Core dump will be written. Default location: Core dumps may be processed with "/usr/share/apport/apport %p %s %c %d %P %E" (or dumping to /opt/minecraft/superhappyfuntimes/core.13670)
#

---------------  S U M M A R Y ------------

Command Line: -Xmx4096M -Xms4096M minecraft_server.jar nogui

Host: Intel Core Processor (Haswell, no TSX), 2 cores, 3G, Ubuntu 21.10
Time: Wed Dec  1 14:52:33 2021 UTC elapsed time: 0.003940 seconds (0d 0h 0m 0s)

---------------  T H R E A D  ---------------

Current thread (0x00007f31c4014000):  JavaThread "Unknown thread" [_thread_in_vm, id=13671, stack(0x00007f31cba64000,0x00007f31cbb64000)]

Stack: [0x00007f31cba64000,0x00007f31cbb64000],  sp=0x00007f31cbb62160,  free space=1016k
Native frames: (J=compiled Java code, A=aot compiled Java code, j=interpreted, Vv=VM code, C=native code)
V  [libjvm.so+0xe9aa02]
V  [libjvm.so+0xe9b611]
V  [libjvm.so+0x67aeba]
V  [libjvm.so+0xbe6520]
V  [libjvm.so+0xbdcde1]
V  [libjvm.so+0x78f312]
V  [libjvm.so+0x78f6f0]
V  [libjvm.so+0x79abe7]
V  [libjvm.so+0x81b6b8]
V  [libjvm.so+0x81c2e8]
V  [libjvm.so+0x81c911]
V  [libjvm.so+0x74958f]
V  [libjvm.so+0x749ca2]
V  [libjvm.so+0xe570e6]
V  [libjvm.so+0xe573aa]
V  [libjvm.so+0x83a28c]
V  [libjvm.so+0xe2fbfb]
V  [libjvm.so+0x8e1aa5]  JNI_CreateJavaVM+0x55
C  [libjli.so+0x4dc1]
C  [libjli.so+0x9b4d]


---------------  P R O C E S S  ---------------

Threads class SMR info:
_java_thread_list=0x000055cf1cd66300, length=0, elements={
}

Java Threads: ( => current thread )

Other Threads:
  0x00007f31c402d800 GCTaskThread "GC Thread#0" [stack: 0x00007f31cb723000,0x00007f31cb823000] [id=13672]
  0x00007f31c406d800 ConcurrentGCThread "G1 Main Marker" [stack: 0x00007f31c9bda000,0x00007f31c9cda000] [id=13673]
  0x00007f31c406f800 ConcurrentGCThread "G1 Conc#0" [stack: 0x00007f31c9ad8000,0x00007f31c9bd8000] [id=13674]

[error occurred during error reporting (printing all threads), id 0xb, SIGSEGV (0xb) at pc=0x00007f31cc5e2a34]

VM state:not at safepoint (not fully initialized)

VM Mutex/Monitor currently owned by a thread:  ([mutex/lock_event])
[0x00007f31c4012c60] Heap_lock - owner thread: 0x00007f31c4014000

Heap address: 0x0000000700000000, size: 4096 MB, Compressed Oops mode: Non-zero based: 0x0000000700000000
Narrow klass base: 0x0000000000000000, Narrow klass shift: 0

GC Heap History (0 events):
No events

Deoptimization events (0 events):
No events

Classes redefined (0 events):
No events

Internal exceptions (0 events):
No events

Events (2 events):
Event: 0.001 Protecting memory [0x00007f31cba64000,0x00007f31cba68000] with protection modes 0
Event: 0.002 Loaded shared library /usr/lib/jvm/java-11-openjdk-amd64/lib/libzip.so


Dynamic libraries:
55cf1cb62000-55cf1cb63000 r--p 00000000 08:01 258987                     /usr/lib/jvm/java-11-openjdk-amd64/bin/java
55cf1cb63000-55cf1cb64000 r-xp 00001000 08:01 258987                     /usr/lib/jvm/java-11-openjdk-amd64/bin/java
55cf1cb64000-55cf1cb65000 r--p 00002000 08:01 258987                     /usr/lib/jvm/java-11-openjdk-amd64/bin/java
55cf1cb65000-55cf1cb66000 r--p 00002000 08:01 258987                     /usr/lib/jvm/java-11-openjdk-amd64/bin/java
55cf1cb66000-55cf1cb67000 rw-p 00003000 08:01 258987                     /usr/lib/jvm/java-11-openjdk-amd64/bin/java
55cf1cd4e000-55cf1cd6f000 rw-p 00000000 00:00 0                          [heap]
7f3196000000-7f3198000000 rw-p 00000000 00:00 0 
7f3198000000-7f3198021000 rw-p 00000000 00:00 0 
7f3198021000-7f319c000000 ---p 00000000 00:00 0 
7f319c000000-7f319c021000 rw-p 00000000 00:00 0 
7f319c021000-7f31a8000000 ---p 00000000 00:00 0 
7f31a8000000-7f31a8021000 rw-p 00000000 00:00 0 
7f31a8021000-7f31ac000000 ---p 00000000 00:00 0 
7f31ac85f000-7f31acacf000 rwxp 00000000 00:00 0 
7f31acacf000-7f31acdee000 ---p 00000000 00:00 0 
7f31acdee000-7f31ad05e000 rwxp 00000000 00:00 0 
7f31ad05e000-7f31b4326000 ---p 00000000 00:00 0 
7f31b4326000-7f31b4596000 rwxp 00000000 00:00 0 
7f31b4596000-7f31bb85f000 ---p 00000000 00:00 0 
7f31bb85f000-7f31c4000000 r--s 00000000 08:01 259146                     /usr/lib/jvm/java-11-openjdk-amd64/lib/modules
7f31c4000000-7f31c4082000 rw-p 00000000 00:00 0 
7f31c4082000-7f31c8000000 ---p 00000000 00:00 0 
7f31c98d4000-7f31c9ad6000 rw-p 00000000 00:00 0 
7f31c9ad6000-7f31c9ad7000 ---p 00000000 00:00 0 
7f31c9ad7000-7f31c9bd8000 rw-p 00000000 00:00 0 
7f31c9bd8000-7f31c9bd9000 ---p 00000000 00:00 0 
7f31c9bd9000-7f31c9d1f000 rw-p 00000000 00:00 0 
7f31c9d1f000-7f31cb51f000 ---p 00000000 00:00 0 
7f31cb51f000-7f31cb721000 rw-p 00000000 00:00 0 
7f31cb721000-7f31cb722000 ---p 00000000 00:00 0 
7f31cb722000-7f31cb828000 rw-p 00000000 00:00 0 
7f31cb828000-7f31cb90e000 ---p 00000000 00:00 0 
7f31cb90e000-7f31cb913000 rw-p 00000000 00:00 0 
7f31cb913000-7f31cb9f9000 ---p 00000000 00:00 0 
7f31cb9f9000-7f31cb9fe000 rw-p 00000000 00:00 0 
7f31cb9fe000-7f31cba05000 ---p 00000000 00:00 0 
7f31cba05000-7f31cba07000 r--p 00000000 08:01 259145                     /usr/lib/jvm/java-11-openjdk-amd64/lib/libzip.so
7f31cba07000-7f31cba0b000 r-xp 00002000 08:01 259145                     /usr/lib/jvm/java-11-openjdk-amd64/lib/libzip.so
7f31cba0b000-7f31cba0d000 r--p 00006000 08:01 259145                     /usr/lib/jvm/java-11-openjdk-amd64/lib/libzip.so
7f31cba0d000-7f31cba0e000 r--p 00007000 08:01 259145                     /usr/lib/jvm/java-11-openjdk-amd64/lib/libzip.so
7f31cba0e000-7f31cba0f000 rw-p 00008000 08:01 259145                     /usr/lib/jvm/java-11-openjdk-amd64/lib/libzip.so
7f31cba0f000-7f31cba17000 rw-s 00000000 08:01 778051                     /tmp/hsperfdata_minecraft/13670
7f31cba17000-7f31cba19000 r--p 00000000 08:01 259128                     /usr/lib/jvm/java-11-openjdk-amd64/lib/libjimage.so
7f31cba19000-7f31cba1c000 r-xp 00002000 08:01 259128                     /usr/lib/jvm/java-11-openjdk-amd64/lib/libjimage.so
7f31cba1c000-7f31cba1d000 r--p 00005000 08:01 259128                     /usr/lib/jvm/java-11-openjdk-amd64/lib/libjimage.so
7f31cba1d000-7f31cba1e000 ---p 00006000 08:01 259128                     /usr/lib/jvm/java-11-openjdk-amd64/lib/libjimage.so
7f31cba1e000-7f31cba1f000 r--p 00006000 08:01 259128                     /usr/lib/jvm/java-11-openjdk-amd64/lib/libjimage.so
7f31cba1f000-7f31cba20000 rw-p 00007000 08:01 259128                     /usr/lib/jvm/java-11-openjdk-amd64/lib/libjimage.so
7f31cba20000-7f31cba2d000 r--p 00000000 08:01 259125                     /usr/lib/jvm/java-11-openjdk-amd64/lib/libjava.so
7f31cba2d000-7f31cba43000 r-xp 0000d000 08:01 259125                     /usr/lib/jvm/java-11-openjdk-amd64/lib/libjava.so
7f31cba43000-7f31cba4a000 r--p 00023000 08:01 259125                     /usr/lib/jvm/java-11-openjdk-amd64/lib/libjava.so
7f31cba4a000-7f31cba4b000 r--p 00029000 08:01 259125                     /usr/lib/jvm/java-11-openjdk-amd64/lib/libjava.so
7f31cba4b000-7f31cba4c000 rw-p 0002a000 08:01 259125                     /usr/lib/jvm/java-11-openjdk-amd64/lib/libjava.so
7f31cba4c000-7f31cba4d000 rw-p 00000000 00:00 0 
7f31cba4d000-7f31cba52000 r--p 00000000 08:01 259144                     /usr/lib/jvm/java-11-openjdk-amd64/lib/libverify.so
7f31cba52000-7f31cba59000 r-xp 00005000 08:01 259144                     /usr/lib/jvm/java-11-openjdk-amd64/lib/libverify.so
7f31cba59000-7f31cba5b000 r--p 0000c000 08:01 259144                     /usr/lib/jvm/java-11-openjdk-amd64/lib/libverify.so
7f31cba5b000-7f31cba5c000 ---p 0000e000 08:01 259144                     /usr/lib/jvm/java-11-openjdk-amd64/lib/libverify.so
7f31cba5c000-7f31cba5e000 r--p 0000e000 08:01 259144                     /usr/lib/jvm/java-11-openjdk-amd64/lib/libverify.so
7f31cba5e000-7f31cba5f000 rw-p 00010000 08:01 259144                     /usr/lib/jvm/java-11-openjdk-amd64/lib/libverify.so
7f31cba5f000-7f31cba60000 r--p 00000000 08:01 4697                       /usr/lib/x86_64-linux-gnu/librt.so.1
7f31cba60000-7f31cba61000 r-xp 00001000 08:01 4697                       /usr/lib/x86_64-linux-gnu/librt.so.1
7f31cba61000-7f31cba62000 r--p 00002000 08:01 4697                       /usr/lib/x86_64-linux-gnu/librt.so.1
7f31cba62000-7f31cba63000 r--p 00002000 08:01 4697                       /usr/lib/x86_64-linux-gnu/librt.so.1
7f31cba63000-7f31cba64000 rw-p 00003000 08:01 4697                       /usr/lib/x86_64-linux-gnu/librt.so.1
7f31cba64000-7f31cba68000 ---p 00000000 00:00 0 
7f31cba68000-7f31cbb64000 rw-p 00000000 00:00 0 
7f31cbb64000-7f31cbb67000 r--p 00000000 08:01 3593                       /usr/lib/x86_64-linux-gnu/libgcc_s.so.1
7f31cbb67000-7f31cbb79000 r-xp 00003000 08:01 3593                       /usr/lib/x86_64-linux-gnu/libgcc_s.so.1
7f31cbb79000-7f31cbb7c000 r--p 00015000 08:01 3593                       /usr/lib/x86_64-linux-gnu/libgcc_s.so.1
7f31cbb7c000-7f31cbb7d000 r--p 00017000 08:01 3593                       /usr/lib/x86_64-linux-gnu/libgcc_s.so.1
7f31cbb7d000-7f31cbb7e000 rw-p 00018000 08:01 3593                       /usr/lib/x86_64-linux-gnu/libgcc_s.so.1
7f31cbb7e000-7f31cbb8d000 r--p 00000000 08:01 3617                       /usr/lib/x86_64-linux-gnu/libm.so.6
7f31cbb8d000-7f31cbc07000 r-xp 0000f000 08:01 3617                       /usr/lib/x86_64-linux-gnu/libm.so.6
7f31cbc07000-7f31cbc5f000 r--p 00089000 08:01 3617                       /usr/lib/x86_64-linux-gnu/libm.so.6
7f31cbc5f000-7f31cbc60000 ---p 000e1000 08:01 3617                       /usr/lib/x86_64-linux-gnu/libm.so.6
7f31cbc60000-7f31cbc61000 r--p 000e1000 08:01 3617                       /usr/lib/x86_64-linux-gnu/libm.so.6
7f31cbc61000-7f31cbc62000 rw-p 000e2000 08:01 3617                       /usr/lib/x86_64-linux-gnu/libm.so.6
7f31cbc62000-7f31cbcfb000 r--p 00000000 08:01 4888                       /usr/lib/x86_64-linux-gnu/libstdc++.so.6.0.29
7f31cbcfb000-7f31cbdfe000 r-xp 00099000 08:01 4888                       /usr/lib/x86_64-linux-gnu/libstdc++.so.6.0.29
7f31cbdfe000-7f31cbe6a000 r--p 0019c000 08:01 4888                       /usr/lib/x86_64-linux-gnu/libstdc++.so.6.0.29
7f31cbe6a000-7f31cbe75000 r--p 00207000 08:01 4888                       /usr/lib/x86_64-linux-gnu/libstdc++.so.6.0.29
7f31cbe75000-7f31cbe78000 rw-p 00212000 08:01 4888                       /usr/lib/x86_64-linux-gnu/libstdc++.so.6.0.29
7f31cbe78000-7f31cbe7b000 rw-p 00000000 00:00 0 
7f31cbe7b000-7f31cc0fc000 r--p 00000000 08:01 259151                     /usr/lib/jvm/java-11-openjdk-amd64/lib/server/libjvm.so
7f31cc0fc000-7f31ccd89000 r-xp 00281000 08:01 259151                     /usr/lib/jvm/java-11-openjdk-amd64/lib/server/libjvm.so
7f31ccd89000-7f31ccfe6000 r--p 00f0e000 08:01 259151                     /usr/lib/jvm/java-11-openjdk-amd64/lib/server/libjvm.so
7f31ccfe6000-7f31ccfe7000 ---p 0116b000 08:01 259151                     /usr/lib/jvm/java-11-openjdk-amd64/lib/server/libjvm.so
7f31ccfe7000-7f31cd0aa000 r--p 0116b000 08:01 259151                     /usr/lib/jvm/java-11-openjdk-amd64/lib/server/libjvm.so
7f31cd0aa000-7f31cd0e5000 rw-p 0122e000 08:01 259151                     /usr/lib/jvm/java-11-openjdk-amd64/lib/server/libjvm.so
7f31cd0e5000-7f31cd13f000 rw-p 00000000 00:00 0 
7f31cd13f000-7f31cd141000 r--p 00000000 08:01 4700                       /usr/lib/x86_64-linux-gnu/libz.so.1.2.11
7f31cd141000-7f31cd152000 r-xp 00002000 08:01 4700                       /usr/lib/x86_64-linux-gnu/libz.so.1.2.11
7f31cd152000-7f31cd158000 r--p 00013000 08:01 4700                       /usr/lib/x86_64-linux-gnu/libz.so.1.2.11
7f31cd158000-7f31cd159000 ---p 00019000 08:01 4700                       /usr/lib/x86_64-linux-gnu/libz.so.1.2.11
7f31cd159000-7f31cd15a000 r--p 00019000 08:01 4700                       /usr/lib/x86_64-linux-gnu/libz.so.1.2.11
7f31cd15a000-7f31cd15b000 rw-p 0001a000 08:01 4700                       /usr/lib/x86_64-linux-gnu/libz.so.1.2.11
7f31cd15b000-7f31cd187000 r--p 00000000 08:01 3614                       /usr/lib/x86_64-linux-gnu/libc.so.6
7f31cd187000-7f31cd31b000 r-xp 0002c000 08:01 3614                       /usr/lib/x86_64-linux-gnu/libc.so.6
7f31cd31b000-7f31cd36f000 r--p 001c0000 08:01 3614                       /usr/lib/x86_64-linux-gnu/libc.so.6
7f31cd36f000-7f31cd370000 ---p 00214000 08:01 3614                       /usr/lib/x86_64-linux-gnu/libc.so.6
7f31cd370000-7f31cd373000 r--p 00214000 08:01 3614                       /usr/lib/x86_64-linux-gnu/libc.so.6
7f31cd373000-7f31cd376000 rw-p 00217000 08:01 3614                       /usr/lib/x86_64-linux-gnu/libc.so.6
7f31cd376000-7f31cd383000 rw-p 00000000 00:00 0 
7f31cd385000-7f31cd387000 r--s 0000c000 08:01 71699                      /usr/share/java/java-atk-wrapper.jar
7f31cd387000-7f31cd388000 ---p 00000000 00:00 0 
7f31cd388000-7f31cd389000 r--p 00000000 00:00 0 
7f31cd389000-7f31cd38c000 r--p 00000000 08:01 259110                     /usr/lib/jvm/java-11-openjdk-amd64/lib/jli/libjli.so
7f31cd38c000-7f31cd396000 r-xp 00003000 08:01 259110                     /usr/lib/jvm/java-11-openjdk-amd64/lib/jli/libjli.so
7f31cd396000-7f31cd399000 r--p 0000d000 08:01 259110                     /usr/lib/jvm/java-11-openjdk-amd64/lib/jli/libjli.so
7f31cd399000-7f31cd39a000 ---p 00010000 08:01 259110                     /usr/lib/jvm/java-11-openjdk-amd64/lib/jli/libjli.so
7f31cd39a000-7f31cd39b000 r--p 00010000 08:01 259110                     /usr/lib/jvm/java-11-openjdk-amd64/lib/jli/libjli.so
7f31cd39b000-7f31cd39c000 rw-p 00011000 08:01 259110                     /usr/lib/jvm/java-11-openjdk-amd64/lib/jli/libjli.so
7f31cd39c000-7f31cd39e000 rw-p 00000000 00:00 0 
7f31cd39e000-7f31cd39f000 r--p 00000000 08:01 3610                       /usr/lib/x86_64-linux-gnu/ld-linux-x86-64.so.2
7f31cd39f000-7f31cd3c7000 r-xp 00001000 08:01 3610                       /usr/lib/x86_64-linux-gnu/ld-linux-x86-64.so.2
7f31cd3c7000-7f31cd3d1000 r--p 00029000 08:01 3610                       /usr/lib/x86_64-linux-gnu/ld-linux-x86-64.so.2
7f31cd3d1000-7f31cd3d3000 r--p 00032000 08:01 3610                       /usr/lib/x86_64-linux-gnu/ld-linux-x86-64.so.2
7f31cd3d3000-7f31cd3d5000 rw-p 00034000 08:01 3610                       /usr/lib/x86_64-linux-gnu/ld-linux-x86-64.so.2
7ffcc1b89000-7ffcc1baa000 rw-p 00000000 00:00 0                          [stack]
7ffcc1bf9000-7ffcc1bfd000 r--p 00000000 00:00 0                          [vvar]
7ffcc1bfd000-7ffcc1bff000 r-xp 00000000 00:00 0                          [vdso]
ffffffffff600000-ffffffffff601000 --xp 00000000 00:00 0                  [vsyscall]


VM Arguments:
jvm_args: -Xmx4096M -Xms4096M 
java_command: minecraft_server.jar nogui
java_class_path (initial): minecraft_server.jar
Launcher Type: SUN_STANDARD

[Global flags]
     intx CICompilerCount                          = 2                                         {product} {ergonomic}
     uint ConcGCThreads                            = 1                                         {product} {ergonomic}
     uint G1ConcRefinementThreads                  = 2                                         {product} {ergonomic}
   size_t G1HeapRegionSize                         = 2097152                                   {product} {ergonomic}
    uintx GCDrainStackTargetSize                   = 64                                        {product} {ergonomic}
   size_t InitialHeapSize                          = 4294967296                                {product} {command line}
   size_t MarkStackSize                            = 4194304                                   {product} {ergonomic}
   size_t MaxHeapSize                              = 4294967296                                {product} {command line}
   size_t MinHeapDeltaBytes                        = 2097152                                   {product} {ergonomic}
    uintx NonNMethodCodeHeapSize                   = 5825164                                {pd product} {ergonomic}
    uintx NonProfiledCodeHeapSize                  = 122916538                              {pd product} {ergonomic}
    uintx ProfiledCodeHeapSize                     = 122916538                              {pd product} {ergonomic}
    uintx ReservedCodeCacheSize                    = 251658240                              {pd product} {ergonomic}
     bool SegmentedCodeCache                       = true                                      {product} {ergonomic}
     bool UseCompressedClassPointers               = true                                 {lp64_product} {ergonomic}
     bool UseCompressedOops                        = true                                 {lp64_product} {ergonomic}
     bool UseG1GC                                  = true                                      {product} {ergonomic}

Logging:
Log output configuration:
 #0: stdout all=warning uptime,level,tags
 #1: stderr all=off uptime,level,tags

Environment Variables:
PATH=/usr/local/sbin:/usr/local/bin:/usr/sbin:/usr/bin:/sbin:/bin:/snap/bin
SHELL=/bin/sh
LANG=C.UTF-8

Signal Handlers:
SIGSEGV: [libjvm.so+0xe9b670], sa_mask[0]=11111111011111111101111111111110, sa_flags=SA_RESTART|SA_SIGINFO
SIGBUS: [libjvm.so+0xe9b670], sa_mask[0]=11111111011111111101111111111110, sa_flags=SA_RESTART|SA_SIGINFO
SIGFPE: [libjvm.so+0xe9b670], sa_mask[0]=11111111011111111101111111111110, sa_flags=SA_RESTART|SA_SIGINFO
SIGPIPE: [libjvm.so+0xbe1330], sa_mask[0]=11111111011111111101111111111110, sa_flags=SA_RESTART|SA_SIGINFO
SIGXFSZ: [libjvm.so+0xbe1330], sa_mask[0]=11111111011111111101111111111110, sa_flags=SA_RESTART|SA_SIGINFO
SIGILL: [libjvm.so+0xe9b670], sa_mask[0]=11111111011111111101111111111110, sa_flags=SA_RESTART|SA_SIGINFO
SIGUSR2: [libjvm.so+0xbe11d0], sa_mask[0]=00000000000000000000000000000000, sa_flags=SA_RESTART|SA_SIGINFO
SIGHUP: SIG_DFL, sa_mask[0]=00000000000000000000000000000000, sa_flags=none
SIGINT: SIG_DFL, sa_mask[0]=00000000000000000000000000000000, sa_flags=none
SIGTERM: SIG_DFL, sa_mask[0]=00000000000000000000000000000000, sa_flags=none
SIGQUIT: SIG_DFL, sa_mask[0]=00000000000000000000000000000000, sa_flags=none


---------------  S Y S T E M  ---------------

OS:DISTRIB_ID=Ubuntu
DISTRIB_RELEASE=21.10
DISTRIB_CODENAME=impish
DISTRIB_DESCRIPTION="Ubuntu 21.10"
uname:Linux 5.13.0-19-generic #19-Ubuntu SMP Thu Oct 7 21:58:00 UTC 2021 x86_64
OS uptime: 0 days 1:05 hours
libc:glibc 2.34 NPTL 2.34 
rlimit (soft/hard): STACK 8192k/infinity , CORE 0k/infinity , NPROC 15204/15204 , NOFILE 524288/524288 , AS infinity/infinity , CPU infinity/infinity , DATA infinity/infinity , FSIZE infinity/infinity , MEMLOCK 64k/64k
load average:0.00 0.01 0.04

/proc/meminfo:
MemTotal:        3921840 kB
MemFree:         1578968 kB
MemAvailable:    3483188 kB
Buffers:           14236 kB
Cached:          2018944 kB
SwapCached:            0 kB
Active:           650232 kB
Inactive:        1452208 kB
Active(anon):        944 kB
Inactive(anon):    68080 kB
Active(file):     649288 kB
Inactive(file):  1384128 kB
Unevictable:       19128 kB
Mlocked:           19128 kB
SwapTotal:             0 kB
SwapFree:              0 kB
Dirty:               720 kB
Writeback:             0 kB
AnonPages:         88420 kB
Mapped:            76888 kB
Shmem:               988 kB
KReclaimable:     150024 kB
Slab:             192576 kB
SReclaimable:     150024 kB
SUnreclaim:        42552 kB
KernelStack:        2340 kB
PageTables:         2128 kB
NFS_Unstable:          0 kB
Bounce:                0 kB
WritebackTmp:          0 kB
CommitLimit:     1960920 kB
Committed_AS:     532084 kB
VmallocTotal:   34359738367 kB
VmallocUsed:       14092 kB
VmallocChunk:          0 kB
Percpu:             1640 kB
HardwareCorrupted:     0 kB
AnonHugePages:      4096 kB
ShmemHugePages:        0 kB
ShmemPmdMapped:        0 kB
FileHugePages:         0 kB
FilePmdMapped:         0 kB
HugePages_Total:       0
HugePages_Free:        0
HugePages_Rsvd:        0
HugePages_Surp:        0
Hugepagesize:       2048 kB
Hugetlb:               0 kB
DirectMap4k:      114544 kB
DirectMap2M:     3981312 kB

/sys/kernel/mm/transparent_hugepage/enabled:
always [madvise] never
/sys/kernel/mm/transparent_hugepage/defrag (defrag/compaction efforts parameter):
always defer defer+madvise [madvise] never

Process Memory:
Virtual Size: 871348K (peak: 5065652K)
Resident Set Size: 15168K (peak: 15168K) (anon: 2088K, file: 13080K, shmem: 0K)
Swapped out: 0K
C-Heap outstanding allocations: 626K

/proc/sys/kernel/threads-max (system-wide limit on the number of threads):
30408
/proc/sys/vm/max_map_count (maximum number of memory map areas a process may have):
65530
/proc/sys/kernel/pid_max (system-wide limit on number of process identifiers):
4194304

KVM virtualization detected
Steal ticks since vm start: 0
Steal ticks percentage since vm start:  0.000

CPU:total 2 (initial active 2) (1 cores per cpu, 1 threads per core) family 6 model 60 stepping 1 microcode 0x1, cmov, cx8, fxsr, mmx, sse, sse2, sse3, ssse3, sse4.1, sse4.2, popcnt, avx, avx2, aes, clmul, erms, lzcnt, tsc, bmi1, bmi2, fma
CPU Model and flags from /proc/cpuinfo:
model name	: Intel Core Processor (Haswell, no TSX)
flags		: fpu vme de pse tsc msr pae mce cx8 apic sep mtrr pge mca cmov pat pse36 clflush mmx fxsr sse sse2 syscall nx rdtscp lm constant_tsc rep_good nopl xtopology cpuid tsc_known_freq pni pclmulqdq vmx ssse3 fma cx16 pcid sse4_1 sse4_2 x2apic movbe popcnt tsc_deadline_timer aes xsave avx f16c rdrand hypervisor lahf_lm abm cpuid_fault invpcid_single pti tpr_shadow vnmi flexpriority ept vpid ept_ad fsgsbase bmi1 avx2 smep bmi2 erms invpcid xsaveopt arat
Online cpus:
0-1
Offline cpus:

BIOS frequency limitation:
<Not Available>
Frequency switch latency (ns):
<Not Available>
Available cpu frequencies:
<Not Available>
Current governor:
<Not Available>
Core performance/turbo boost:
<Not Available>

Memory: 4k page, physical 3921840k(1578968k free), swap 0k(0k free)

vm_info: OpenJDK 64-Bit Server VM (11.0.12+7-Ubuntu-0ubuntu3) for linux-amd64 JRE (11.0.12+7-Ubuntu-0ubuntu3), built on Aug 14 2021 12:38:05 by "unknown" with gcc 10.3.0

END.
